#
# There is insufficient memory for the Java Runtime Environment to continue.
# Native memory allocation (mmap) failed to map 65536 bytes for Failed to commit metaspace.
# Possible reasons:
#   The system is out of physical RAM or swap space
#   The process is running with CompressedOops enabled, and the Java Heap may be blocking the growth of the native heap
# Possible solutions:
#   Reduce memory load on the system
#   Increase physical memory or swap space
#   Check if swap backing store is full
#   Decrease Java heap size (-Xmx/-Xms)
#   Decrease number of Java threads
#   Decrease Java thread stack sizes (-Xss)
#   Set larger code cache with -XX:ReservedCodeCacheSize=
#   JVM is running with Zero Based Compressed Oops mode in which the Java heap is
#     placed in the first 32GB address space. The Java Heap base address is the
#     maximum limit for the native heap growth. Please use -XX:HeapBaseMinAddress
#     to set the Java Heap base and to place the Java Heap above 32GB virtual address.
# This output file may be truncated or incomplete.
#
#  Out of Memory Error (virtualSpaceNode.cpp:110), pid=19768, tid=15232
#
# JRE version: Java(TM) SE Runtime Environment (17.0.10+11) (build 17.0.10+11-LTS-240)
# Java VM: Java HotSpot(TM) 64-Bit Server VM (17.0.10+11-LTS-240, mixed mode, sharing, tiered, compressed oops, compressed class ptrs, g1 gc, windows-amd64)
# No core dump will be written. Minidumps are not enabled by default on client versions of Windows
#

---------------  S U M M A R Y ------------

Command Line: -javaagent:C:\Program Files\JetBrains\IntelliJ IDEA Community Edition 2023.3.2\lib\idea_rt.jar=53042:C:\Program Files\JetBrains\IntelliJ IDEA Community Edition 2023.3.2\bin -Dfile.encoding=UTF-8 chatting.application.Server

Host: AMD Ryzen 7 7840HS w/ Radeon 780M Graphics     , 16 cores, 15G,  Windows 11 , 64 bit Build 26100 (10.0.26100.3912)
Time: Thu May 15 18:02:06 2025 India Standard Time elapsed time: 0.067960 seconds (0d 0h 0m 0s)

---------------  T H R E A D  ---------------

Current thread (0x00000250e945fc60):  JavaThread "main" [_thread_in_vm, id=15232, stack(0x000000fed2200000,0x000000fed2300000)]

Stack: [0x000000fed2200000,0x000000fed2300000]
Native frames: (J=compiled Java code, j=interpreted, Vv=VM code, C=native code)
V  [jvm.dll+0x677a5a]
V  [jvm.dll+0x7d8b2d]
V  [jvm.dll+0x7da48e]
V  [jvm.dll+0x7daaf3]
V  [jvm.dll+0x2455ff]
V  [jvm.dll+0x7d483b]
V  [jvm.dll+0x61dc06]
V  [jvm.dll+0x61dc6a]
V  [jvm.dll+0x62049d]
V  [jvm.dll+0x61e5c6]
V  [jvm.dll+0x239c1f]
V  [jvm.dll+0x628365]
V  [jvm.dll+0x1e92ed]
V  [jvm.dll+0x1e98b5]
V  [jvm.dll+0x1ea1fb]
V  [jvm.dll+0x1dfa01]
V  [jvm.dll+0x53d58c]
V  [jvm.dll+0x1f031a]
V  [jvm.dll+0x75284d]
V  [jvm.dll+0x753c46]
V  [jvm.dll+0x7543d5]
V  [jvm.dll+0x1ea621]
V  [jvm.dll+0x1dfa1a]
V  [jvm.dll+0x53d58c]
V  [jvm.dll+0x1f031a]
V  [jvm.dll+0x75284d]
V  [jvm.dll+0x753c46]
V  [jvm.dll+0x7543d5]
V  [jvm.dll+0x1ea621]
V  [jvm.dll+0x1dfa1a]
V  [jvm.dll+0x53d58c]
V  [jvm.dll+0x1f031a]
V  [jvm.dll+0x75284d]
V  [jvm.dll+0x753c46]
V  [jvm.dll+0x7543d5]
V  [jvm.dll+0x1ea621]
V  [jvm.dll+0x1dfa1a]
V  [jvm.dll+0x53d58c]
V  [jvm.dll+0x1f031a]
V  [jvm.dll+0x75284d]
V  [jvm.dll+0x753c46]
V  [jvm.dll+0x4129e5]
C  [java.dll+0x1a55]

Java frames: (J=compiled Java code, j=interpreted, Vv=VM code)
j  java.lang.ClassLoader.findBootstrapClass(Ljava/lang/String;)Ljava/lang/Class;+0 java.base@17.0.10
j  java.lang.ClassLoader.findBootstrapClassOrNull(Ljava/lang/String;)Ljava/lang/Class;+10 java.base@17.0.10
j  java.lang.System$2.findBootstrapClassOrNull(Ljava/lang/String;)Ljava/lang/Class;+1 java.base@17.0.10
j  jdk.internal.loader.ClassLoaders$BootClassLoader.loadClassOrNull(Ljava/lang/String;Z)Ljava/lang/Class;+4 java.base@17.0.10
j  jdk.internal.loader.BuiltinClassLoader.loadClassOrNull(Ljava/lang/String;)Ljava/lang/Class;+3 java.base@17.0.10
j  jdk.internal.loader.BuiltinClassLoader.loadClassOrNull(Ljava/lang/String;Z)Ljava/lang/Class;+66 java.base@17.0.10
j  jdk.internal.loader.BuiltinClassLoader.loadClass(Ljava/lang/String;Z)Ljava/lang/Class;+3 java.base@17.0.10
j  jdk.internal.loader.ClassLoaders$AppClassLoader.loadClass(Ljava/lang/String;Z)Ljava/lang/Class;+36 java.base@17.0.10
j  java.lang.ClassLoader.loadClass(Ljava/lang/String;)Ljava/lang/Class;+3 java.base@17.0.10
v  ~StubRoutines::call_stub
j  java.lang.ClassLoader.defineClass1(Ljava/lang/ClassLoader;Ljava/lang/String;[BIILjava/security/ProtectionDomain;Ljava/lang/String;)Ljava/lang/Class;+0 java.base@17.0.10
j  java.lang.ClassLoader.defineClass(Ljava/lang/String;[BIILjava/security/ProtectionDomain;)Ljava/lang/Class;+27 java.base@17.0.10
j  java.security.SecureClassLoader.defineClass(Ljava/lang/String;[BIILjava/security/CodeSource;)Ljava/lang/Class;+12 java.base@17.0.10
j  jdk.internal.loader.BuiltinClassLoader.defineClass(Ljava/lang/String;Ljdk/internal/loader/Resource;)Ljava/lang/Class;+117 java.base@17.0.10
j  jdk.internal.loader.BuiltinClassLoader.findClassOnClassPathOrNull(Ljava/lang/String;)Ljava/lang/Class;+37 java.base@17.0.10
j  jdk.internal.loader.BuiltinClassLoader.loadClassOrNull(Ljava/lang/String;Z)Ljava/lang/Class;+111 java.base@17.0.10
j  jdk.internal.loader.BuiltinClassLoader.loadClass(Ljava/lang/String;Z)Ljava/lang/Class;+3 java.base@17.0.10
j  jdk.internal.loader.ClassLoaders$AppClassLoader.loadClass(Ljava/lang/String;Z)Ljava/lang/Class;+36 java.base@17.0.10
j  java.lang.ClassLoader.loadClass(Ljava/lang/String;)Ljava/lang/Class;+3 java.base@17.0.10
v  ~StubRoutines::call_stub
j  java.lang.Class.forName0(Ljava/lang/String;ZLjava/lang/ClassLoader;Ljava/lang/Class;)Ljava/lang/Class;+0 java.base@17.0.10
j  java.lang.Class.forName(Ljava/lang/String;ZLjava/lang/ClassLoader;)Ljava/lang/Class;+43 java.base@17.0.10
j  sun.launcher.LauncherHelper.loadMainClass(ILjava/lang/String;)Ljava/lang/Class;+95 java.base@17.0.10
j  sun.launcher.LauncherHelper.checkAndLoadMain(ZILjava/lang/String;)Ljava/lang/Class;+42 java.base@17.0.10
v  ~StubRoutines::call_stub

---------------  P R O C E S S  ---------------

Threads class SMR info:
_java_thread_list=0x00000250ff8f7c80, length=17, elements={
0x00000250e945fc60, 0x00000250ff682da0, 0x00000250ff684770, 0x00000250ff699e50,
0x00000250ff69a810, 0x00000250ff69b1d0, 0x00000250ff69bb90, 0x00000250ff69c930,
0x00000250ff6a0310, 0x00000250ff6a0c20, 0x00000250ff666fe0, 0x00000250ff833c00,
0x00000250ff844df0, 0x00000250ff8457d0, 0x00000250ff897e90, 0x00000250ff977800,
0x00000250ff977ce0
}

Java Threads: ( => current thread )
=>0x00000250e945fc60 JavaThread "main" [_thread_in_vm, id=15232, stack(0x000000fed2200000,0x000000fed2300000)]
  0x00000250ff682da0 JavaThread "Reference Handler" daemon [_thread_blocked, id=10552, stack(0x000000fed2900000,0x000000fed2a00000)]
  0x00000250ff684770 JavaThread "Finalizer" daemon [_thread_blocked, id=9972, stack(0x000000fed2a00000,0x000000fed2b00000)]
  0x00000250ff699e50 JavaThread "Signal Dispatcher" daemon [_thread_blocked, id=24552, stack(0x000000fed2b00000,0x000000fed2c00000)]
  0x00000250ff69a810 JavaThread "Attach Listener" daemon [_thread_blocked, id=18172, stack(0x000000fed2c00000,0x000000fed2d00000)]
  0x00000250ff69b1d0 JavaThread "Service Thread" daemon [_thread_blocked, id=20260, stack(0x000000fed2d00000,0x000000fed2e00000)]
  0x00000250ff69bb90 JavaThread "Monitor Deflation Thread" daemon [_thread_blocked, id=28088, stack(0x000000fed2e00000,0x000000fed2f00000)]
  0x00000250ff69c930 JavaThread "C2 CompilerThread0" daemon [_thread_blocked, id=18640, stack(0x000000fed2f00000,0x000000fed3000000)]
  0x00000250ff6a0310 JavaThread "C1 CompilerThread0" daemon [_thread_blocked, id=25320, stack(0x000000fed3000000,0x000000fed3100000)]
  0x00000250ff6a0c20 JavaThread "Sweeper thread" daemon [_thread_blocked, id=25048, stack(0x000000fed3100000,0x000000fed3200000)]
  0x00000250ff666fe0 JavaThread "Common-Cleaner" daemon [_thread_blocked, id=16152, stack(0x000000fed3200000,0x000000fed3300000)]
  0x00000250ff833c00 JavaThread "C1 CompilerThread1" daemon [_thread_blocked, id=25984, stack(0x000000fed3300000,0x000000fed3400000)]
  0x00000250ff844df0 JavaThread "C1 CompilerThread2" daemon [_thread_blocked, id=25844, stack(0x000000fed3400000,0x000000fed3500000)]
  0x00000250ff8457d0 JavaThread "C1 CompilerThread3" daemon [_thread_blocked, id=7624, stack(0x000000fed3500000,0x000000fed3600000)]
  0x00000250ff897e90 JavaThread "C2 CompilerThread1" daemon [_thread_blocked, id=11840, stack(0x000000fed3600000,0x000000fed3700000)]
  0x00000250ff977800 JavaThread "Monitor Ctrl-Break" daemon [_thread_in_vm, id=20144, stack(0x000000fed3700000,0x000000fed3800000)]
  0x00000250ff977ce0 JavaThread "Notification Thread" daemon [_thread_blocked, id=2952, stack(0x000000fed3800000,0x000000fed3900000)]

Other Threads:
  0x00000250ff6773f0 VMThread "VM Thread" [stack: 0x000000fed2800000,0x000000fed2900000] [id=15056]
  0x00000250ff9781c0 WatcherThread [stack: 0x000000fed3900000,0x000000fed3a00000] [id=28240]
  0x00000250e94c7c30 GCTaskThread "GC Thread#0" [stack: 0x000000fed2300000,0x000000fed2400000] [id=26744]
  0x00000250e94dad00 ConcurrentGCThread "G1 Main Marker" [stack: 0x000000fed2400000,0x000000fed2500000] [id=20620]
  0x00000250e94dbeb0 ConcurrentGCThread "G1 Conc#0" [stack: 0x000000fed2500000,0x000000fed2600000] [id=13948]
  0x00000250e952ebe0 ConcurrentGCThread "G1 Refine#0" [stack: 0x000000fed2600000,0x000000fed2700000] [id=5236]
  0x00000250ff5b0d40 ConcurrentGCThread "G1 Service" [stack: 0x000000fed2700000,0x000000fed2800000] [id=24328]

Threads with active compile tasks:

VM state: not at safepoint (normal execution)

VM Mutex/Monitor currently owned by a thread:  ([mutex/lock_event])
[0x00000250e944e930] Metaspace_lock - owner thread: 0x00000250e945fc60

Heap address: 0x000000070b600000, size: 3914 MB, Compressed Oops mode: Zero based, Oop shift amount: 3

CDS archive(s) mapped at: [0x000002508f000000-0x000002508fbd0000-0x000002508fbd0000), size 12386304, SharedBaseAddress: 0x000002508f000000, ArchiveRelocationMode: 1.
Compressed class space mapped at: 0x0000025090000000-0x00000250d0000000, reserved size: 1073741824
Narrow klass base: 0x000002508f000000, Narrow klass shift: 0, Narrow klass range: 0x100000000

GC Precious Log:
 CPUs: 16 total, 16 available
 Memory: 15654M
 Large Page Support: Disabled
 NUMA Support: Disabled
 Compressed Oops: Enabled (Zero based)
 Heap Region Size: 2M
 Heap Min Capacity: 8M
 Heap Initial Capacity: 246M
 Heap Max Capacity: 3914M
 Pre-touch: Disabled
 Parallel Workers: 13
 Concurrent Workers: 3
 Concurrent Refinement Workers: 13
 Periodic GC: Disabled

Heap:
 garbage-first heap   total 251904K, used 2048K [0x000000070b600000, 0x0000000800000000)
  region size 2048K, 2 young (4096K), 0 survivors (0K)
 Metaspace       used 559K, committed 704K, reserved 1114112K
  class space    used 28K, committed 128K, reserved 1048576K

Heap Regions: E=young(eden), S=young(survivor), O=old, HS=humongous(starts), HC=humongous(continues), CS=collection set, F=free, OA=open archive, CA=closed archive, TAMS=top-at-mark-start (previous, next)
|   0|0x000000070b600000, 0x000000070b600000, 0x000000070b800000|  0%| F|  |TAMS 0x000000070b600000, 0x000000070b600000| Untracked 
|   1|0x000000070b800000, 0x000000070b800000, 0x000000070ba00000|  0%| F|  |TAMS 0x000000070b800000, 0x000000070b800000| Untracked 
|   2|0x000000070ba00000, 0x000000070ba00000, 0x000000070bc00000|  0%| F|  |TAMS 0x000000070ba00000, 0x000000070ba00000| Untracked 
|   3|0x000000070bc00000, 0x000000070bc00000, 0x000000070be00000|  0%| F|  |TAMS 0x000000070bc00000, 0x000000070bc00000| Untracked 
|   4|0x000000070be00000, 0x000000070be00000, 0x000000070c000000|  0%| F|  |TAMS 0x000000070be00000, 0x000000070be00000| Untracked 
|   5|0x000000070c000000, 0x000000070c000000, 0x000000070c200000|  0%| F|  |TAMS 0x000000070c000000, 0x000000070c000000| Untracked 
|   6|0x000000070c200000, 0x000000070c200000, 0x000000070c400000|  0%| F|  |TAMS 0x000000070c200000, 0x000000070c200000| Untracked 
|   7|0x000000070c400000, 0x000000070c400000, 0x000000070c600000|  0%| F|  |TAMS 0x000000070c400000, 0x000000070c400000| Untracked 
|   8|0x000000070c600000, 0x000000070c600000, 0x000000070c800000|  0%| F|  |TAMS 0x000000070c600000, 0x000000070c600000| Untracked 
|   9|0x000000070c800000, 0x000000070c800000, 0x000000070ca00000|  0%| F|  |TAMS 0x000000070c800000, 0x000000070c800000| Untracked 
|  10|0x000000070ca00000, 0x000000070ca00000, 0x000000070cc00000|  0%| F|  |TAMS 0x000000070ca00000, 0x000000070ca00000| Untracked 
|  11|0x000000070cc00000, 0x000000070cc00000, 0x000000070ce00000|  0%| F|  |TAMS 0x000000070cc00000, 0x000000070cc00000| Untracked 
|  12|0x000000070ce00000, 0x000000070ce00000, 0x000000070d000000|  0%| F|  |TAMS 0x000000070ce00000, 0x000000070ce00000| Untracked 
|  13|0x000000070d000000, 0x000000070d000000, 0x000000070d200000|  0%| F|  |TAMS 0x000000070d000000, 0x000000070d000000| Untracked 
|  14|0x000000070d200000, 0x000000070d200000, 0x000000070d400000|  0%| F|  |TAMS 0x000000070d200000, 0x000000070d200000| Untracked 
|  15|0x000000070d400000, 0x000000070d400000, 0x000000070d600000|  0%| F|  |TAMS 0x000000070d400000, 0x000000070d400000| Untracked 
|  16|0x000000070d600000, 0x000000070d600000, 0x000000070d800000|  0%| F|  |TAMS 0x000000070d600000, 0x000000070d600000| Untracked 
|  17|0x000000070d800000, 0x000000070d800000, 0x000000070da00000|  0%| F|  |TAMS 0x000000070d800000, 0x000000070d800000| Untracked 
|  18|0x000000070da00000, 0x000000070da00000, 0x000000070dc00000|  0%| F|  |TAMS 0x000000070da00000, 0x000000070da00000| Untracked 
|  19|0x000000070dc00000, 0x000000070dc00000, 0x000000070de00000|  0%| F|  |TAMS 0x000000070dc00000, 0x000000070dc00000| Untracked 
|  20|0x000000070de00000, 0x000000070de00000, 0x000000070e000000|  0%| F|  |TAMS 0x000000070de00000, 0x000000070de00000| Untracked 
|  21|0x000000070e000000, 0x000000070e000000, 0x000000070e200000|  0%| F|  |TAMS 0x000000070e000000, 0x000000070e000000| Untracked 
|  22|0x000000070e200000, 0x000000070e200000, 0x000000070e400000|  0%| F|  |TAMS 0x000000070e200000, 0x000000070e200000| Untracked 
|  23|0x000000070e400000, 0x000000070e400000, 0x000000070e600000|  0%| F|  |TAMS 0x000000070e400000, 0x000000070e400000| Untracked 
|  24|0x000000070e600000, 0x000000070e600000, 0x000000070e800000|  0%| F|  |TAMS 0x000000070e600000, 0x000000070e600000| Untracked 
|  25|0x000000070e800000, 0x000000070e800000, 0x000000070ea00000|  0%| F|  |TAMS 0x000000070e800000, 0x000000070e800000| Untracked 
|  26|0x000000070ea00000, 0x000000070ea00000, 0x000000070ec00000|  0%| F|  |TAMS 0x000000070ea00000, 0x000000070ea00000| Untracked 
|  27|0x000000070ec00000, 0x000000070ec00000, 0x000000070ee00000|  0%| F|  |TAMS 0x000000070ec00000, 0x000000070ec00000| Untracked 
|  28|0x000000070ee00000, 0x000000070ee00000, 0x000000070f000000|  0%| F|  |TAMS 0x000000070ee00000, 0x000000070ee00000| Untracked 
|  29|0x000000070f000000, 0x000000070f000000, 0x000000070f200000|  0%| F|  |TAMS 0x000000070f000000, 0x000000070f000000| Untracked 
|  30|0x000000070f200000, 0x000000070f200000, 0x000000070f400000|  0%| F|  |TAMS 0x000000070f200000, 0x000000070f200000| Untracked 
|  31|0x000000070f400000, 0x000000070f400000, 0x000000070f600000|  0%| F|  |TAMS 0x000000070f400000, 0x000000070f400000| Untracked 
|  32|0x000000070f600000, 0x000000070f600000, 0x000000070f800000|  0%| F|  |TAMS 0x000000070f600000, 0x000000070f600000| Untracked 
|  33|0x000000070f800000, 0x000000070f800000, 0x000000070fa00000|  0%| F|  |TAMS 0x000000070f800000, 0x000000070f800000| Untracked 
|  34|0x000000070fa00000, 0x000000070fa00000, 0x000000070fc00000|  0%| F|  |TAMS 0x000000070fa00000, 0x000000070fa00000| Untracked 
|  35|0x000000070fc00000, 0x000000070fc00000, 0x000000070fe00000|  0%| F|  |TAMS 0x000000070fc00000, 0x000000070fc00000| Untracked 
|  36|0x000000070fe00000, 0x000000070fe00000, 0x0000000710000000|  0%| F|  |TAMS 0x000000070fe00000, 0x000000070fe00000| Untracked 
|  37|0x0000000710000000, 0x0000000710000000, 0x0000000710200000|  0%| F|  |TAMS 0x0000000710000000, 0x0000000710000000| Untracked 
|  38|0x0000000710200000, 0x0000000710200000, 0x0000000710400000|  0%| F|  |TAMS 0x0000000710200000, 0x0000000710200000| Untracked 
|  39|0x0000000710400000, 0x0000000710400000, 0x0000000710600000|  0%| F|  |TAMS 0x0000000710400000, 0x0000000710400000| Untracked 
|  40|0x0000000710600000, 0x0000000710600000, 0x0000000710800000|  0%| F|  |TAMS 0x0000000710600000, 0x0000000710600000| Untracked 
|  41|0x0000000710800000, 0x0000000710800000, 0x0000000710a00000|  0%| F|  |TAMS 0x0000000710800000, 0x0000000710800000| Untracked 
|  42|0x0000000710a00000, 0x0000000710a00000, 0x0000000710c00000|  0%| F|  |TAMS 0x0000000710a00000, 0x0000000710a00000| Untracked 
|  43|0x0000000710c00000, 0x0000000710c00000, 0x0000000710e00000|  0%| F|  |TAMS 0x0000000710c00000, 0x0000000710c00000| Untracked 
|  44|0x0000000710e00000, 0x0000000710e00000, 0x0000000711000000|  0%| F|  |TAMS 0x0000000710e00000, 0x0000000710e00000| Untracked 
|  45|0x0000000711000000, 0x0000000711000000, 0x0000000711200000|  0%| F|  |TAMS 0x0000000711000000, 0x0000000711000000| Untracked 
|  46|0x0000000711200000, 0x0000000711200000, 0x0000000711400000|  0%| F|  |TAMS 0x0000000711200000, 0x0000000711200000| Untracked 
|  47|0x0000000711400000, 0x0000000711400000, 0x0000000711600000|  0%| F|  |TAMS 0x0000000711400000, 0x0000000711400000| Untracked 
|  48|0x0000000711600000, 0x0000000711600000, 0x0000000711800000|  0%| F|  |TAMS 0x0000000711600000, 0x0000000711600000| Untracked 
|  49|0x0000000711800000, 0x0000000711800000, 0x0000000711a00000|  0%| F|  |TAMS 0x0000000711800000, 0x0000000711800000| Untracked 
|  50|0x0000000711a00000, 0x0000000711a00000, 0x0000000711c00000|  0%| F|  |TAMS 0x0000000711a00000, 0x0000000711a00000| Untracked 
|  51|0x0000000711c00000, 0x0000000711c00000, 0x0000000711e00000|  0%| F|  |TAMS 0x0000000711c00000, 0x0000000711c00000| Untracked 
|  52|0x0000000711e00000, 0x0000000711e00000, 0x0000000712000000|  0%| F|  |TAMS 0x0000000711e00000, 0x0000000711e00000| Untracked 
|  53|0x0000000712000000, 0x0000000712000000, 0x0000000712200000|  0%| F|  |TAMS 0x0000000712000000, 0x0000000712000000| Untracked 
|  54|0x0000000712200000, 0x0000000712200000, 0x0000000712400000|  0%| F|  |TAMS 0x0000000712200000, 0x0000000712200000| Untracked 
|  55|0x0000000712400000, 0x0000000712400000, 0x0000000712600000|  0%| F|  |TAMS 0x0000000712400000, 0x0000000712400000| Untracked 
|  56|0x0000000712600000, 0x0000000712600000, 0x0000000712800000|  0%| F|  |TAMS 0x0000000712600000, 0x0000000712600000| Untracked 
|  57|0x0000000712800000, 0x0000000712800000, 0x0000000712a00000|  0%| F|  |TAMS 0x0000000712800000, 0x0000000712800000| Untracked 
|  58|0x0000000712a00000, 0x0000000712a00000, 0x0000000712c00000|  0%| F|  |TAMS 0x0000000712a00000, 0x0000000712a00000| Untracked 
|  59|0x0000000712c00000, 0x0000000712c00000, 0x0000000712e00000|  0%| F|  |TAMS 0x0000000712c00000, 0x0000000712c00000| Untracked 
|  60|0x0000000712e00000, 0x0000000712e00000, 0x0000000713000000|  0%| F|  |TAMS 0x0000000712e00000, 0x0000000712e00000| Untracked 
|  61|0x0000000713000000, 0x0000000713000000, 0x0000000713200000|  0%| F|  |TAMS 0x0000000713000000, 0x0000000713000000| Untracked 
|  62|0x0000000713200000, 0x0000000713200000, 0x0000000713400000|  0%| F|  |TAMS 0x0000000713200000, 0x0000000713200000| Untracked 
|  63|0x0000000713400000, 0x0000000713400000, 0x0000000713600000|  0%| F|  |TAMS 0x0000000713400000, 0x0000000713400000| Untracked 
|  64|0x0000000713600000, 0x0000000713600000, 0x0000000713800000|  0%| F|  |TAMS 0x0000000713600000, 0x0000000713600000| Untracked 
|  65|0x0000000713800000, 0x0000000713800000, 0x0000000713a00000|  0%| F|  |TAMS 0x0000000713800000, 0x0000000713800000| Untracked 
|  66|0x0000000713a00000, 0x0000000713a00000, 0x0000000713c00000|  0%| F|  |TAMS 0x0000000713a00000, 0x0000000713a00000| Untracked 
|  67|0x0000000713c00000, 0x0000000713c00000, 0x0000000713e00000|  0%| F|  |TAMS 0x0000000713c00000, 0x0000000713c00000| Untracked 
|  68|0x0000000713e00000, 0x0000000713e00000, 0x0000000714000000|  0%| F|  |TAMS 0x0000000713e00000, 0x0000000713e00000| Untracked 
|  69|0x0000000714000000, 0x0000000714000000, 0x0000000714200000|  0%| F|  |TAMS 0x0000000714000000, 0x0000000714000000| Untracked 
|  70|0x0000000714200000, 0x0000000714200000, 0x0000000714400000|  0%| F|  |TAMS 0x0000000714200000, 0x0000000714200000| Untracked 
|  71|0x0000000714400000, 0x0000000714400000, 0x0000000714600000|  0%| F|  |TAMS 0x0000000714400000, 0x0000000714400000| Untracked 
|  72|0x0000000714600000, 0x0000000714600000, 0x0000000714800000|  0%| F|  |TAMS 0x0000000714600000, 0x0000000714600000| Untracked 
|  73|0x0000000714800000, 0x0000000714800000, 0x0000000714a00000|  0%| F|  |TAMS 0x0000000714800000, 0x0000000714800000| Untracked 
|  74|0x0000000714a00000, 0x0000000714a00000, 0x0000000714c00000|  0%| F|  |TAMS 0x0000000714a00000, 0x0000000714a00000| Untracked 
|  75|0x0000000714c00000, 0x0000000714c00000, 0x0000000714e00000|  0%| F|  |TAMS 0x0000000714c00000, 0x0000000714c00000| Untracked 
|  76|0x0000000714e00000, 0x0000000714e00000, 0x0000000715000000|  0%| F|  |TAMS 0x0000000714e00000, 0x0000000714e00000| Untracked 
|  77|0x0000000715000000, 0x0000000715000000, 0x0000000715200000|  0%| F|  |TAMS 0x0000000715000000, 0x0000000715000000| Untracked 
|  78|0x0000000715200000, 0x0000000715200000, 0x0000000715400000|  0%| F|  |TAMS 0x0000000715200000, 0x0000000715200000| Untracked 
|  79|0x0000000715400000, 0x0000000715400000, 0x0000000715600000|  0%| F|  |TAMS 0x0000000715400000, 0x0000000715400000| Untracked 
|  80|0x0000000715600000, 0x0000000715600000, 0x0000000715800000|  0%| F|  |TAMS 0x0000000715600000, 0x0000000715600000| Untracked 
|  81|0x0000000715800000, 0x0000000715800000, 0x0000000715a00000|  0%| F|  |TAMS 0x0000000715800000, 0x0000000715800000| Untracked 
|  82|0x0000000715a00000, 0x0000000715a00000, 0x0000000715c00000|  0%| F|  |TAMS 0x0000000715a00000, 0x0000000715a00000| Untracked 
|  83|0x0000000715c00000, 0x0000000715c00000, 0x0000000715e00000|  0%| F|  |TAMS 0x0000000715c00000, 0x0000000715c00000| Untracked 
|  84|0x0000000715e00000, 0x0000000715e00000, 0x0000000716000000|  0%| F|  |TAMS 0x0000000715e00000, 0x0000000715e00000| Untracked 
|  85|0x0000000716000000, 0x0000000716000000, 0x0000000716200000|  0%| F|  |TAMS 0x0000000716000000, 0x0000000716000000| Untracked 
|  86|0x0000000716200000, 0x0000000716200000, 0x0000000716400000|  0%| F|  |TAMS 0x0000000716200000, 0x0000000716200000| Untracked 
|  87|0x0000000716400000, 0x0000000716400000, 0x0000000716600000|  0%| F|  |TAMS 0x0000000716400000, 0x0000000716400000| Untracked 
|  88|0x0000000716600000, 0x0000000716600000, 0x0000000716800000|  0%| F|  |TAMS 0x0000000716600000, 0x0000000716600000| Untracked 
|  89|0x0000000716800000, 0x0000000716800000, 0x0000000716a00000|  0%| F|  |TAMS 0x0000000716800000, 0x0000000716800000| Untracked 
|  90|0x0000000716a00000, 0x0000000716a00000, 0x0000000716c00000|  0%| F|  |TAMS 0x0000000716a00000, 0x0000000716a00000| Untracked 
|  91|0x0000000716c00000, 0x0000000716c00000, 0x0000000716e00000|  0%| F|  |TAMS 0x0000000716c00000, 0x0000000716c00000| Untracked 
|  92|0x0000000716e00000, 0x0000000716e00000, 0x0000000717000000|  0%| F|  |TAMS 0x0000000716e00000, 0x0000000716e00000| Untracked 
|  93|0x0000000717000000, 0x0000000717000000, 0x0000000717200000|  0%| F|  |TAMS 0x0000000717000000, 0x0000000717000000| Untracked 
|  94|0x0000000717200000, 0x0000000717200000, 0x0000000717400000|  0%| F|  |TAMS 0x0000000717200000, 0x0000000717200000| Untracked 
|  95|0x0000000717400000, 0x0000000717400000, 0x0000000717600000|  0%| F|  |TAMS 0x0000000717400000, 0x0000000717400000| Untracked 
|  96|0x0000000717600000, 0x0000000717600000, 0x0000000717800000|  0%| F|  |TAMS 0x0000000717600000, 0x0000000717600000| Untracked 
|  97|0x0000000717800000, 0x0000000717800000, 0x0000000717a00000|  0%| F|  |TAMS 0x0000000717800000, 0x0000000717800000| Untracked 
|  98|0x0000000717a00000, 0x0000000717a00000, 0x0000000717c00000|  0%| F|  |TAMS 0x0000000717a00000, 0x0000000717a00000| Untracked 
|  99|0x0000000717c00000, 0x0000000717c00000, 0x0000000717e00000|  0%| F|  |TAMS 0x0000000717c00000, 0x0000000717c00000| Untracked 
| 100|0x0000000717e00000, 0x0000000717e00000, 0x0000000718000000|  0%| F|  |TAMS 0x0000000717e00000, 0x0000000717e00000| Untracked 
| 101|0x0000000718000000, 0x0000000718000000, 0x0000000718200000|  0%| F|  |TAMS 0x0000000718000000, 0x0000000718000000| Untracked 
| 102|0x0000000718200000, 0x0000000718200000, 0x0000000718400000|  0%| F|  |TAMS 0x0000000718200000, 0x0000000718200000| Untracked 
| 103|0x0000000718400000, 0x0000000718400000, 0x0000000718600000|  0%| F|  |TAMS 0x0000000718400000, 0x0000000718400000| Untracked 
| 104|0x0000000718600000, 0x0000000718600000, 0x0000000718800000|  0%| F|  |TAMS 0x0000000718600000, 0x0000000718600000| Untracked 
| 105|0x0000000718800000, 0x0000000718800000, 0x0000000718a00000|  0%| F|  |TAMS 0x0000000718800000, 0x0000000718800000| Untracked 
| 106|0x0000000718a00000, 0x0000000718a00000, 0x0000000718c00000|  0%| F|  |TAMS 0x0000000718a00000, 0x0000000718a00000| Untracked 
| 107|0x0000000718c00000, 0x0000000718c00000, 0x0000000718e00000|  0%| F|  |TAMS 0x0000000718c00000, 0x0000000718c00000| Untracked 
| 108|0x0000000718e00000, 0x0000000718e00000, 0x0000000719000000|  0%| F|  |TAMS 0x0000000718e00000, 0x0000000718e00000| Untracked 
| 109|0x0000000719000000, 0x0000000719000000, 0x0000000719200000|  0%| F|  |TAMS 0x0000000719000000, 0x0000000719000000| Untracked 
| 110|0x0000000719200000, 0x0000000719200000, 0x0000000719400000|  0%| F|  |TAMS 0x0000000719200000, 0x0000000719200000| Untracked 
| 111|0x0000000719400000, 0x0000000719400000, 0x0000000719600000|  0%| F|  |TAMS 0x0000000719400000, 0x0000000719400000| Untracked 
| 112|0x0000000719600000, 0x0000000719600000, 0x0000000719800000|  0%| F|  |TAMS 0x0000000719600000, 0x0000000719600000| Untracked 
| 113|0x0000000719800000, 0x0000000719800000, 0x0000000719a00000|  0%| F|  |TAMS 0x0000000719800000, 0x0000000719800000| Untracked 
| 114|0x0000000719a00000, 0x0000000719a00000, 0x0000000719c00000|  0%| F|  |TAMS 0x0000000719a00000, 0x0000000719a00000| Untracked 
| 115|0x0000000719c00000, 0x0000000719c00000, 0x0000000719e00000|  0%| F|  |TAMS 0x0000000719c00000, 0x0000000719c00000| Untracked 
| 116|0x0000000719e00000, 0x0000000719e00000, 0x000000071a000000|  0%| F|  |TAMS 0x0000000719e00000, 0x0000000719e00000| Untracked 
| 117|0x000000071a000000, 0x000000071a000000, 0x000000071a200000|  0%| F|  |TAMS 0x000000071a000000, 0x000000071a000000| Untracked 
| 118|0x000000071a200000, 0x000000071a200000, 0x000000071a400000|  0%| F|  |TAMS 0x000000071a200000, 0x000000071a200000| Untracked 
| 119|0x000000071a400000, 0x000000071a400000, 0x000000071a600000|  0%| F|  |TAMS 0x000000071a400000, 0x000000071a400000| Untracked 
| 120|0x000000071a600000, 0x000000071a600000, 0x000000071a800000|  0%| F|  |TAMS 0x000000071a600000, 0x000000071a600000| Untracked 
| 121|0x000000071a800000, 0x000000071a8e1ca0, 0x000000071aa00000| 44%| E|  |TAMS 0x000000071a800000, 0x000000071a800000| Complete 
| 122|0x000000071aa00000, 0x000000071ac00000, 0x000000071ac00000|100%| E|CS|TAMS 0x000000071aa00000, 0x000000071aa00000| Complete 

Card table byte_map: [0x00000250f3c70000,0x00000250f4420000] _byte_map_base: 0x00000250f0415000

Marking Bits (Prev, Next): (CMBitMap*) 0x00000250e94c9260, (CMBitMap*) 0x00000250e94c92a0
 Prev Bits: [0x00000250f4bd0000, 0x00000250f88f8000)
 Next Bits: [0x00000250f8900000, 0x00000250fc628000)

Polling page: 0x00000250e9530000

Metaspace:

Usage:
  Non-class:    530.96 KB used.
      Class:     28.20 KB used.
       Both:    559.16 KB used.

Virtual space:
  Non-class space:       64.00 MB reserved,     576.00 KB ( <1%) committed,  1 nodes.
      Class space:        1.00 GB reserved,     128.00 KB ( <1%) committed,  1 nodes.
             Both:        1.06 GB reserved,     704.00 KB ( <1%) committed. 

Chunk freelists:
   Non-Class:  11.97 MB
       Class:  15.75 MB
        Both:  27.72 MB

MaxMetaspaceSize: unlimited
CompressedClassSpaceSize: 1.00 GB
Initial GC threshold: 21.00 MB
Current GC threshold: 21.00 MB
CDS: on
MetaspaceReclaimPolicy: balanced
 - commit_granule_bytes: 65536.
 - commit_granule_words: 8192.
 - virtual_space_node_default_size: 8388608.
 - enlarge_chunks_in_place: 1.
 - new_chunks_are_fully_committed: 0.
 - uncommit_free_chunks: 1.
 - use_allocation_guard: 0.
 - handle_deallocations: 1.


Internal statistics:

num_allocs_failed_limit: 0.
num_arena_births: 8.
num_arena_deaths: 0.
num_vsnodes_births: 2.
num_vsnodes_deaths: 0.
num_space_committed: 11.
num_space_uncommitted: 0.
num_chunks_returned_to_freelist: 0.
num_chunks_taken_from_freelist: 12.
num_chunk_merges: 0.
num_chunk_splits: 7.
num_chunks_enlarged: 3.
num_inconsistent_stats: 0.

CodeHeap 'non-profiled nmethods': size=119168Kb used=56Kb max_used=56Kb free=119111Kb
 bounds [0x0000025087ba0000, 0x0000025087e10000, 0x000002508f000000]
CodeHeap 'profiled nmethods': size=119104Kb used=199Kb max_used=199Kb free=118904Kb
 bounds [0x0000025080000000, 0x0000025080270000, 0x0000025087450000]
CodeHeap 'non-nmethods': size=7488Kb used=2811Kb max_used=2811Kb free=4677Kb
 bounds [0x0000025087450000, 0x0000025087710000, 0x0000025087ba0000]
 total_blobs=568 nmethods=178 adapters=300
 compilation: enabled
              stopped_count=0, restarted_count=0
 full_count=0

Compilation events (20 events):
Event: 0.057 Thread 0x00000250ff833c00  168       3       java.util.zip.ZipUtils::SH (21 bytes)
Event: 0.057 Thread 0x00000250ff833c00 nmethod 168 0x000002508002ec10 code [0x000002508002eda0, 0x000002508002eef8]
Event: 0.058 Thread 0x00000250ff8457d0  169       1       java.util.HashMap$Node::getKey (5 bytes)
Event: 0.058 Thread 0x00000250ff833c00  170       1       java.util.HashMap$Node::getValue (5 bytes)
Event: 0.058 Thread 0x00000250ff833c00 nmethod 170 0x0000025087bad810 code [0x0000025087bad9a0, 0x0000025087bada78]
Event: 0.058 Thread 0x00000250ff8457d0 nmethod 169 0x0000025087badb10 code [0x0000025087badca0, 0x0000025087badd78]
Event: 0.058 Thread 0x00000250ff844df0  171       3       java.lang.String::checkBoundsBeginEnd (63 bytes)
Event: 0.058 Thread 0x00000250ff844df0 nmethod 171 0x000002508002f010 code [0x000002508002f2a0, 0x000002508002fb98]
Event: 0.059 Thread 0x00000250ff833c00  172       3       java.lang.StringBuilder::append (8 bytes)
Event: 0.059 Thread 0x00000250ff8457d0  174       3       java.lang.String::substring (58 bytes)
Event: 0.059 Thread 0x00000250ff6a0310  173       3       java.lang.AbstractStringBuilder::append (45 bytes)
Event: 0.059 Thread 0x00000250ff833c00 nmethod 172 0x000002508002ff10 code [0x00000250800300a0, 0x00000250800301e8]
Event: 0.059 Thread 0x00000250ff6a0310 nmethod 173 0x0000025080030290 code [0x0000025080030460, 0x00000250800307a8]
Event: 0.059 Thread 0x00000250ff8457d0 nmethod 174 0x0000025080030910 code [0x0000025080030b00, 0x0000025080030fa8]
Event: 0.062 Thread 0x00000250ff833c00  175       3       java.lang.StringUTF16::getChar (60 bytes)
Event: 0.063 Thread 0x00000250ff833c00 nmethod 175 0x0000025080031190 code [0x0000025080031320, 0x0000025080031498]
Event: 0.063 Thread 0x00000250ff8457d0  176       3       java.lang.System::getSecurityManager (12 bytes)
Event: 0.063 Thread 0x00000250ff833c00  177       3       java.lang.System::allowSecurityManager (13 bytes)
Event: 0.064 Thread 0x00000250ff833c00 nmethod 177 0x0000025080031590 code [0x0000025080031720, 0x0000025080031838]
Event: 0.064 Thread 0x00000250ff8457d0 nmethod 176 0x0000025080031890 code [0x0000025080031a20, 0x0000025080031bb8]

GC Heap History (0 events):
No events

Deoptimization events (0 events):
No events

Classes unloaded (0 events):
No events

Classes redefined (0 events):
No events

Internal exceptions (1 events):
Event: 0.064 Thread 0x00000250ff977800 Exception <a 'java/lang/NoSuchMethodError'{0x000000071a875968}: 'java.lang.Object java.lang.invoke.DirectMethodHandle$Holder.invokeStaticInit(java.lang.Object)'> (0x000000071a875968) 
thrown [s\open\src\hotspot\share\interpreter\linkResolver.cpp, line 759]

VM Operations (4 events):
Event: 0.038 Executing VM operation: HandshakeAllThreads
Event: 0.038 Executing VM operation: HandshakeAllThreads done
Event: 0.063 Executing VM operation: HandshakeAllThreads
Event: 0.063 Executing VM operation: HandshakeAllThreads done

Events (20 events):
Event: 0.064 loading class java/net/SocketOptions
Event: 0.064 loading class java/net/SocketOptions done
Event: 0.064 loading class java/net/SocketImpl done
Event: 0.064 loading class javax/swing/WindowConstants
Event: 0.064 loading class javax/swing/WindowConstants done
Event: 0.064 loading class javax/accessibility/Accessible
Event: 0.064 loading class javax/accessibility/Accessible done
Event: 0.064 loading class javax/swing/RootPaneContainer
Event: 0.064 loading class javax/swing/RootPaneContainer done
Event: 0.064 loading class javax/swing/TransferHandler$HasGetTransferHandler
Event: 0.065 loading class javax/swing/TransferHandler$HasGetTransferHandler done
Event: 0.065 loading class java/awt/Frame
Event: 0.065 loading class java/awt/MenuContainer
Event: 0.065 loading class sun/net/NetProperties
Event: 0.065 loading class java/awt/MenuContainer done
Event: 0.065 loading class java/awt/Window
Event: 0.065 loading class sun/net/NetProperties done
Event: 0.065 loading class sun/net/NetProperties$1
Event: 0.065 loading class sun/net/NetProperties$1 done
Event: 0.066 loading class java/awt/Container


Dynamic libraries:
0x00007ff6cff30000 - 0x00007ff6cff40000 	C:\Program Files\Java\jdk-17\bin\java.exe
0x00007ffe8ed20000 - 0x00007ffe8ef86000 	C:\WINDOWS\SYSTEM32\ntdll.dll
0x00007ffe8e810000 - 0x00007ffe8e8d9000 	C:\WINDOWS\System32\KERNEL32.DLL
0x00007ffe8c190000 - 0x00007ffe8c55c000 	C:\WINDOWS\System32\KERNELBASE.dll
0x00007ffe8c560000 - 0x00007ffe8c6ab000 	C:\WINDOWS\System32\ucrtbase.dll
0x00007ffe87040000 - 0x00007ffe87059000 	C:\Program Files\Java\jdk-17\bin\jli.dll
0x00007ffe87140000 - 0x00007ffe8715b000 	C:\Program Files\Java\jdk-17\bin\VCRUNTIME140.dll
0x00007ffe8d430000 - 0x00007ffe8d4e2000 	C:\WINDOWS\System32\ADVAPI32.dll
0x00007ffe8d560000 - 0x00007ffe8d609000 	C:\WINDOWS\System32\msvcrt.dll
0x00007ffe8e210000 - 0x00007ffe8e2b6000 	C:\WINDOWS\System32\sechost.dll
0x00007ffe8d610000 - 0x00007ffe8d726000 	C:\WINDOWS\System32\RPCRT4.dll
0x00007ffe8e3d0000 - 0x00007ffe8e59a000 	C:\WINDOWS\System32\USER32.dll
0x00007ffe70890000 - 0x00007ffe70b2a000 	C:\WINDOWS\WinSxS\amd64_microsoft.windows.common-controls_6595b64144ccf1df_6.0.26100.3912_none_3e07963ce335137e\COMCTL32.dll
0x00007ffe8c030000 - 0x00007ffe8c057000 	C:\WINDOWS\System32\win32u.dll
0x00007ffe8e3a0000 - 0x00007ffe8e3cb000 	C:\WINDOWS\System32\GDI32.dll
0x00007ffe8c6b0000 - 0x00007ffe8c7e2000 	C:\WINDOWS\System32\gdi32full.dll
0x00007ffe8c970000 - 0x00007ffe8ca13000 	C:\WINDOWS\System32\msvcp_win.dll
0x00007ffe83d10000 - 0x00007ffe83d1b000 	C:\WINDOWS\SYSTEM32\VERSION.dll
0x00007ffe8e620000 - 0x00007ffe8e650000 	C:\WINDOWS\System32\IMM32.DLL
0x00007ffe870d0000 - 0x00007ffe870dc000 	C:\Program Files\Java\jdk-17\bin\vcruntime140_1.dll
0x00007ffe84570000 - 0x00007ffe845fe000 	C:\Program Files\Java\jdk-17\bin\msvcp140.dll
0x00007ffe2ab40000 - 0x00007ffe2b71f000 	C:\Program Files\Java\jdk-17\bin\server\jvm.dll
0x00007ffe8d420000 - 0x00007ffe8d428000 	C:\WINDOWS\System32\PSAPI.DLL
0x00007ffe7f4c0000 - 0x00007ffe7f4f6000 	C:\WINDOWS\SYSTEM32\WINMM.dll
0x00007ffe65300000 - 0x00007ffe6530a000 	C:\WINDOWS\SYSTEM32\WSOCK32.dll
0x00007ffe8e8e0000 - 0x00007ffe8e954000 	C:\WINDOWS\System32\WS2_32.dll
0x00007ffe8ad90000 - 0x00007ffe8adaa000 	C:\WINDOWS\SYSTEM32\kernel.appcore.dll
0x00007ffe87090000 - 0x00007ffe8709a000 	C:\Program Files\Java\jdk-17\bin\jimage.dll
0x00007ffe7e760000 - 0x00007ffe7e9a1000 	C:\WINDOWS\SYSTEM32\DBGHELP.DLL
0x00007ffe8cbe0000 - 0x00007ffe8cf64000 	C:\WINDOWS\System32\combase.dll
0x00007ffe8e6f0000 - 0x00007ffe8e7d0000 	C:\WINDOWS\System32\OLEAUT32.dll
0x00007ffe66340000 - 0x00007ffe66379000 	C:\WINDOWS\SYSTEM32\dbgcore.DLL
0x00007ffe8c0f0000 - 0x00007ffe8c189000 	C:\WINDOWS\System32\bcryptPrimitives.dll
0x00007ffe85a80000 - 0x00007ffe85a8e000 	C:\Program Files\Java\jdk-17\bin\instrument.dll
0x00007ffe85900000 - 0x00007ffe85925000 	C:\Program Files\Java\jdk-17\bin\java.dll
0x00007ffe7c5a0000 - 0x00007ffe7c677000 	C:\Program Files\Java\jdk-17\bin\jsvml.dll
0x00007ffe8d730000 - 0x00007ffe8de5d000 	C:\WINDOWS\System32\SHELL32.dll
0x00007ffe8beb0000 - 0x00007ffe8c024000 	C:\WINDOWS\System32\wintypes.dll
0x00007ffe89b10000 - 0x00007ffe8a366000 	C:\WINDOWS\SYSTEM32\windows.storage.dll
0x00007ffe8df60000 - 0x00007ffe8e04f000 	C:\WINDOWS\System32\SHCORE.dll
0x00007ffe8d4f0000 - 0x00007ffe8d559000 	C:\WINDOWS\System32\shlwapi.dll
0x00007ffe8bdc0000 - 0x00007ffe8bdef000 	C:\WINDOWS\SYSTEM32\profapi.dll
0x00007ffe857e0000 - 0x00007ffe857f8000 	C:\Program Files\Java\jdk-17\bin\zip.dll
0x00007ffe857c0000 - 0x00007ffe857d9000 	C:\Program Files\Java\jdk-17\bin\net.dll
0x00007ffe86180000 - 0x00007ffe8629e000 	C:\WINDOWS\SYSTEM32\WINHTTP.dll
0x00007ffe8b300000 - 0x00007ffe8b36a000 	C:\WINDOWS\system32\mswsock.dll
0x00007ffe84bf0000 - 0x00007ffe84c06000 	C:\Program Files\Java\jdk-17\bin\nio.dll
0x00007ffe7da70000 - 0x00007ffe7da8a000 	C:\Program Files\JetBrains\IntelliJ IDEA Community Edition 2023.3.2\bin\breakgen64.dll

dbghelp: loaded successfully - version: 4.0.5 - missing functions: none
symbol engine: initialized successfully - sym options: 0x614 - pdb path: .;C:\Program Files\Java\jdk-17\bin;C:\WINDOWS\SYSTEM32;C:\WINDOWS\WinSxS\amd64_microsoft.windows.common-controls_6595b64144ccf1df_6.0.26100.3912_none_3e07963ce335137e;C:\Program Files\Java\jdk-17\bin\server;C:\Program Files\JetBrains\IntelliJ IDEA Community Edition 2023.3.2\bin

VM Arguments:
jvm_args: -javaagent:C:\Program Files\JetBrains\IntelliJ IDEA Community Edition 2023.3.2\lib\idea_rt.jar=53042:C:\Program Files\JetBrains\IntelliJ IDEA Community Edition 2023.3.2\bin -Dfile.encoding=UTF-8 
java_command: chatting.application.Server
java_class_path (initial): C:\Users\aadit\IdeaProjects\QuickChat\out\production\QuickChat
Launcher Type: SUN_STANDARD

[Global flags]
     intx CICompilerCount                          = 12                                        {product} {ergonomic}
     uint ConcGCThreads                            = 3                                         {product} {ergonomic}
     uint G1ConcRefinementThreads                  = 13                                        {product} {ergonomic}
   size_t G1HeapRegionSize                         = 2097152                                   {product} {ergonomic}
    uintx GCDrainStackTargetSize                   = 64                                        {product} {ergonomic}
   size_t InitialHeapSize                          = 257949696                                 {product} {ergonomic}
   size_t MarkStackSize                            = 4194304                                   {product} {ergonomic}
   size_t MaxHeapSize                              = 4104126464                                {product} {ergonomic}
   size_t MaxNewSize                               = 2462056448                                {product} {ergonomic}
   size_t MinHeapDeltaBytes                        = 2097152                                   {product} {ergonomic}
   size_t MinHeapSize                              = 8388608                                   {product} {ergonomic}
    uintx NonNMethodCodeHeapSize                   = 7602480                                {pd product} {ergonomic}
    uintx NonProfiledCodeHeapSize                  = 122027880                              {pd product} {ergonomic}
    uintx ProfiledCodeHeapSize                     = 122027880                              {pd product} {ergonomic}
    uintx ReservedCodeCacheSize                    = 251658240                              {pd product} {ergonomic}
     bool SegmentedCodeCache                       = true                                      {product} {ergonomic}
   size_t SoftMaxHeapSize                          = 4104126464                             {manageable} {ergonomic}
     bool UseCompressedClassPointers               = true                           {product lp64_product} {ergonomic}
     bool UseCompressedOops                        = true                           {product lp64_product} {ergonomic}
     bool UseG1GC                                  = true                                      {product} {ergonomic}
     bool UseLargePagesIndividualAllocation        = false                                  {pd product} {ergonomic}

Logging:
Log output configuration:
 #0: stdout all=warning uptime,level,tags
 #1: stderr all=off uptime,level,tags

Environment Variables:
JAVA_HOME=C:\Program Files\Amazon Corretto\jdk17.0.13_11
PATH=C:\Program Files\Amazon Corretto\jdk17.0.13_11\bin;C:\Program Files\Python312\Scripts\;C:\Program Files\Python312\;C:\Program Files\Common Files\Oracle\Java\javapath;C:\Program Files (x86)\Common Files\Oracle\Java\java8path;C:\Program Files (x86)\Common Files\Oracle\Java\javapath;C:\windows\system32;C:\windows;C:\windows\System32\Wbem;C:\windows\System32\WindowsPowerShell\v1.0\;C:\windows\System32\OpenSSH\;C:\Program Files (x86)\NVIDIA Corporation\PhysX\Common;C:\Users\Administrator\AppData\Local\Microsoft\WindowsApps;C:\Windows;C:\Windows\System32;C:\Windows\System32\WindowsPowerShell\v1.0\;C:\Program Files\HP\OMEN-Broadcast\Common;C:\Users\aadit\Downloads\apache-maven-3.9.8\bin;C:\Program Files\NVIDIA Corporation\NVIDIA app\NvDLISR;C:\WINDOWS\system32;C:\WINDOWS;C:\WINDOWS\System32\Wbem;C:\WINDOWS\System32\WindowsPowerShell\v1.0\;C:\WINDOWS\System32\OpenSSH\;C:\Program Files\MongoDB\Server\8.0\bin;C:\ProgramData\chocolatey\bin;C:\Program Files\Vagrant\bin;C:\Program Files\Git\cmd;C:\Program Files\Git\mingw64\bin;C:\Program Files\Git\usr\bin;C:\ProgramData\chocolatey\lib\maven\apache-maven-3.9.9\bin;C:\Program Files\Amazon\AWSCLIV2\;C:\Program Files\Microsoft VS Code\bin;C:\Program Files\Docker\Docker\resources\bin;C:\Users\aadit\AppData\Local\Microsoft\WindowsApps;;C:\Program Files\JetBrains\PyCharm Community Edition 2024.1.4\bin;;C:\Program Files\mongosh\;C:\Program Files\Oracle\VirtualBox
USERNAME=aadit
OS=Windows_NT
PROCESSOR_IDENTIFIER=AMD64 Family 25 Model 116 Stepping 1, AuthenticAMD



---------------  S Y S T E M  ---------------

OS:
 Windows 11 , 64 bit Build 26100 (10.0.26100.3912)
OS uptime: 0 days 6:35 hours
Hyper-V role detected

CPU: total 16 (initial active 16) (16 cores per cpu, 2 threads per core) family 25 model 116 stepping 1 microcode 0x0, cx8, cmov, fxsr, ht, mmx, 3dnowpref, sse, sse2, sse3, ssse3, sse4a, sse4.1, sse4.2, popcnt, lzcnt, tsc, tscinvbit, avx, avx2, aes, erms, clmul, bmi1, bmi2, adx, avx512f, avx512dq, avx512cd, avx512bw, avx512vl, sha, fma, vzeroupper, avx512_vpopcntdq, avx512_vpclmulqdq, avx512_vaes, avx512_vnni, clflush, clflushopt, avx512_vbmi2, avx512_vbmi, hv

Memory: 4k page, system-wide physical 15654M (2994M free)
TotalPageFile size 20098M (AvailPageFile size 334M)
current process WorkingSet (physical memory assigned to process): 40M, peak: 40M
current process commit charge ("private bytes"): 345M, peak: 345M

vm_info: Java HotSpot(TM) 64-Bit Server VM (17.0.10+11-LTS-240) for windows-amd64 JRE (17.0.10+11-LTS-240), built on Dec 19 2023 21:47:25 by "mach5one" with MS VC++ 17.1 (VS2022)

END.
