#
# There is insufficient memory for the Java Runtime Environment to continue.
# Native memory allocation (mmap) failed to map 65536 bytes for Failed to commit metaspace.
# Possible reasons:
#   The system is out of physical RAM or swap space
#   The process is running with CompressedOops enabled, and the Java Heap may be blocking the growth of the native heap
# Possible solutions:
#   Reduce memory load on the system
#   Increase physical memory or swap space
#   Check if swap backing store is full
#   Decrease Java heap size (-Xmx/-Xms)
#   Decrease number of Java threads
#   Decrease Java thread stack sizes (-Xss)
#   Set larger code cache with -XX:ReservedCodeCacheSize=
#   JVM is running with Zero Based Compressed Oops mode in which the Java heap is
#     placed in the first 32GB address space. The Java Heap base address is the
#     maximum limit for the native heap growth. Please use -XX:HeapBaseMinAddress
#     to set the Java Heap base and to place the Java Heap above 32GB virtual address.
# This output file may be truncated or incomplete.
#
#  Out of Memory Error (virtualSpaceNode.cpp:110), pid=6672, tid=3428
#
# JRE version: Java(TM) SE Runtime Environment (17.0.10+11) (build 17.0.10+11-LTS-240)
# Java VM: Java HotSpot(TM) 64-Bit Server VM (17.0.10+11-LTS-240, mixed mode, sharing, tiered, compressed oops, compressed class ptrs, g1 gc, windows-amd64)
# No core dump will be written. Minidumps are not enabled by default on client versions of Windows
#

---------------  S U M M A R Y ------------

Command Line: -javaagent:C:\Program Files\JetBrains\IntelliJ IDEA Community Edition 2023.3.2\lib\idea_rt.jar=53136:C:\Program Files\JetBrains\IntelliJ IDEA Community Edition 2023.3.2\bin -Dfile.encoding=UTF-8 chatting.application.Server

Host: AMD Ryzen 7 7840HS w/ Radeon 780M Graphics     , 16 cores, 15G,  Windows 11 , 64 bit Build 26100 (10.0.26100.3912)
Time: Thu May 15 18:06:47 2025 India Standard Time elapsed time: 0.423148 seconds (0d 0h 0m 0s)

---------------  T H R E A D  ---------------

Current thread (0x0000023025e5e720):  JavaThread "main" [_thread_in_vm, id=3428, stack(0x00000085cc400000,0x00000085cc500000)]

Stack: [0x00000085cc400000,0x00000085cc500000]
Native frames: (J=compiled Java code, j=interpreted, Vv=VM code, C=native code)
V  [jvm.dll+0x677a5a]
V  [jvm.dll+0x7d8b2d]
V  [jvm.dll+0x7da48e]
V  [jvm.dll+0x7daaf3]
V  [jvm.dll+0x2455ff]
V  [jvm.dll+0x7d483b]
V  [jvm.dll+0x61dc06]
V  [jvm.dll+0x1bfa87]
V  [jvm.dll+0x620570]
V  [jvm.dll+0x61e5c6]
V  [jvm.dll+0x369c92]
V  [jvm.dll+0x1e11bb]
V  [jvm.dll+0x53d5b5]
V  [jvm.dll+0x1f031a]
V  [jvm.dll+0x75284d]
V  [jvm.dll+0x753c46]
V  [jvm.dll+0x753f78]
V  [jvm.dll+0x40af09]
V  [jvm.dll+0x3dd9ca]
C  [awt.dll+0x39bad]

Java frames: (J=compiled Java code, j=interpreted, Vv=VM code)
j  sun.java2d.loops.GraphicsPrimitiveMgr.initIDs(Ljava/lang/Class;Ljava/lang/Class;Ljava/lang/Class;Ljava/lang/Class;Ljava/lang/Class;Ljava/lang/Class;Ljava/lang/Class;Ljava/lang/Class;Ljava/lang/Class;Ljava/lang/Class;Ljava/lang/Class;)V+0 java.desktop@17.0.10
j  sun.java2d.loops.GraphicsPrimitiveMgr.<clinit>()V+26 java.desktop@17.0.10
v  ~StubRoutines::call_stub
j  sun.java2d.loops.Blit.<clinit>()V+36 java.desktop@17.0.10
v  ~StubRoutines::call_stub
j  sun.java2d.windows.GDIWindowSurfaceData.<clinit>()V+72 java.desktop@17.0.10
v  ~StubRoutines::call_stub
j  sun.awt.Win32GraphicsConfig.createSurfaceData(Lsun/awt/windows/WComponentPeer;I)Lsun/java2d/SurfaceData;+1 java.desktop@17.0.10
j  sun.java2d.ScreenUpdateManager.createScreenSurface(Lsun/awt/Win32GraphicsConfig;Lsun/awt/windows/WComponentPeer;IZ)Lsun/java2d/SurfaceData;+3 java.desktop@17.0.10
j  sun.java2d.d3d.D3DScreenUpdateManager.createScreenSurface(Lsun/awt/Win32GraphicsConfig;Lsun/awt/windows/WComponentPeer;IZ)Lsun/java2d/SurfaceData;+20 java.desktop@17.0.10
j  sun.awt.windows.WComponentPeer.createScreenSurface(Z)V+21 java.desktop@17.0.10
j  sun.awt.windows.WComponentPeer.<init>(Ljava/awt/Component;)V+79 java.desktop@17.0.10
j  sun.awt.windows.WCanvasPeer.<init>(Ljava/awt/Component;)V+2 java.desktop@17.0.10
j  sun.awt.windows.WPanelPeer.<init>(Ljava/awt/Component;)V+2 java.desktop@17.0.10
j  sun.awt.windows.WWindowPeer.<init>(Ljava/awt/Window;)V+2 java.desktop@17.0.10
j  sun.awt.windows.WFramePeer.<init>(Ljava/awt/Frame;)V+2 java.desktop@17.0.10
j  sun.awt.windows.WToolkit.createFrame(Ljava/awt/Frame;)Ljava/awt/peer/FramePeer;+5 java.desktop@17.0.10
j  java.awt.Frame.addNotify()V+20 java.desktop@17.0.10
j  java.awt.Window.show()V+8 java.desktop@17.0.10
j  java.awt.Component.show(Z)V+5 java.desktop@17.0.10
j  java.awt.Component.setVisible(Z)V+2 java.desktop@17.0.10
j  java.awt.Window.setVisible(Z)V+2 java.desktop@17.0.10
j  chatting.application.Server.<init>()V+706
j  chatting.application.Server.main([Ljava/lang/String;)V+4
v  ~StubRoutines::call_stub

---------------  P R O C E S S  ---------------

Threads class SMR info:
_java_thread_list=0x000002309e4bc170, length=23, elements={
0x0000023025e5e720, 0x000002304b0b69d0, 0x000002304b0b83a0, 0x000002304b1f8b90,
0x000002304b1f9550, 0x000002304b1f9f10, 0x000002304b1fa8d0, 0x000002304b1fd680,
0x000002304b209b50, 0x000002304b20a070, 0x000002304b0a0d40, 0x000002304b320710,
0x000002304b320c30, 0x000002304b321a10, 0x000002304b3d1460, 0x000002304b3d1940,
0x000002304b783120, 0x000002304b5c5680, 0x000002304b5dab10, 0x000002304b876b40,
0x000002304bbd2410, 0x000002304baee1c0, 0x000002304bea9b90
}

Java Threads: ( => current thread )
=>0x0000023025e5e720 JavaThread "main" [_thread_in_vm, id=3428, stack(0x00000085cc400000,0x00000085cc500000)]
  0x000002304b0b69d0 JavaThread "Reference Handler" daemon [_thread_blocked, id=14332, stack(0x00000085ccb00000,0x00000085ccc00000)]
  0x000002304b0b83a0 JavaThread "Finalizer" daemon [_thread_blocked, id=26556, stack(0x00000085ccc00000,0x00000085ccd00000)]
  0x000002304b1f8b90 JavaThread "Signal Dispatcher" daemon [_thread_blocked, id=25872, stack(0x00000085ccd00000,0x00000085cce00000)]
  0x000002304b1f9550 JavaThread "Attach Listener" daemon [_thread_blocked, id=10348, stack(0x00000085cce00000,0x00000085ccf00000)]
  0x000002304b1f9f10 JavaThread "Service Thread" daemon [_thread_blocked, id=12336, stack(0x00000085ccf00000,0x00000085cd000000)]
  0x000002304b1fa8d0 JavaThread "Monitor Deflation Thread" daemon [_thread_blocked, id=20476, stack(0x00000085cd000000,0x00000085cd100000)]
  0x000002304b1fd680 JavaThread "C2 CompilerThread0" daemon [_thread_blocked, id=27744, stack(0x00000085cd100000,0x00000085cd200000)]
  0x000002304b209b50 JavaThread "C1 CompilerThread0" daemon [_thread_blocked, id=19452, stack(0x00000085cd200000,0x00000085cd300000)]
  0x000002304b20a070 JavaThread "Sweeper thread" daemon [_thread_blocked, id=22988, stack(0x00000085cd300000,0x00000085cd400000)]
  0x000002304b0a0d40 JavaThread "Common-Cleaner" daemon [_thread_blocked, id=3932, stack(0x00000085cd400000,0x00000085cd500000)]
  0x000002304b320710 JavaThread "C1 CompilerThread1" daemon [_thread_blocked, id=14936, stack(0x00000085cd500000,0x00000085cd600000)]
  0x000002304b320c30 JavaThread "C1 CompilerThread2" daemon [_thread_blocked, id=26156, stack(0x00000085cd600000,0x00000085cd700000)]
  0x000002304b321a10 JavaThread "C1 CompilerThread3" daemon [_thread_blocked, id=26200, stack(0x00000085cd700000,0x00000085cd800000)]
  0x000002304b3d1460 JavaThread "Monitor Ctrl-Break" daemon [_thread_in_native, id=19808, stack(0x00000085cd900000,0x00000085cda00000)]
  0x000002304b3d1940 JavaThread "Notification Thread" daemon [_thread_blocked, id=26288, stack(0x00000085cda00000,0x00000085cdb00000)]
  0x000002304b783120 JavaThread "Java2D Disposer" daemon [_thread_blocked, id=4436, stack(0x00000085cdc00000,0x00000085cdd00000)]
  0x000002304b5c5680 JavaThread "AWT-Shutdown" [_thread_blocked, id=16080, stack(0x00000085cdd00000,0x00000085cde00000)]
  0x000002304b5dab10 JavaThread "AWT-Windows" daemon [_thread_in_native, id=5368, stack(0x00000085cde00000,0x00000085cdf00000)]
  0x000002304b876b40 JavaThread "Image Fetcher 0" daemon [_thread_blocked, id=18192, stack(0x00000085cd800000,0x00000085cd900000)]
  0x000002304bbd2410 JavaThread "C2 CompilerThread1" daemon [_thread_in_native, id=6368, stack(0x00000085cdf00000,0x00000085ce000000)]
  0x000002304baee1c0 JavaThread "Image Fetcher 1" daemon [_thread_blocked, id=25612, stack(0x00000085ce000000,0x00000085ce100000)]
  0x000002304bea9b90 JavaThread "AWT-EventQueue-0" [_thread_blocked, id=19356, stack(0x00000085ce100000,0x00000085ce200000)]

Other Threads:
  0x000002304b0b3120 VMThread "VM Thread" [stack: 0x00000085cca00000,0x00000085ccb00000] [id=7692]
  0x0000023025f05aa0 WatcherThread [stack: 0x00000085cdb00000,0x00000085cdc00000] [id=23200]
  0x0000023025ec8820 GCTaskThread "GC Thread#0" [stack: 0x00000085cc500000,0x00000085cc600000] [id=8460]
  0x0000023025ed9d70 ConcurrentGCThread "G1 Main Marker" [stack: 0x00000085cc600000,0x00000085cc700000] [id=8888]
  0x0000023025ede0b0 ConcurrentGCThread "G1 Conc#0" [stack: 0x00000085cc700000,0x00000085cc800000] [id=23460]
  0x0000023025f2e6c0 ConcurrentGCThread "G1 Refine#0" [stack: 0x00000085cc800000,0x00000085cc900000] [id=4440]
  0x000002304af681c0 ConcurrentGCThread "G1 Service" [stack: 0x00000085cc900000,0x00000085cca00000] [id=13004]

Threads with active compile tasks:
C2 CompilerThread1      436  771   !   4       sun.awt.image.PNGImageDecoder::produceImage (1917 bytes)

VM state: not at safepoint (normal execution)

VM Mutex/Monitor currently owned by a thread:  ([mutex/lock_event])
[0x0000023025e5a490] Metaspace_lock - owner thread: 0x0000023025e5e720

Heap address: 0x000000070b600000, size: 3914 MB, Compressed Oops mode: Zero based, Oop shift amount: 3

CDS archive(s) mapped at: [0x000002304c000000-0x000002304cbd0000-0x000002304cbd0000), size 12386304, SharedBaseAddress: 0x000002304c000000, ArchiveRelocationMode: 1.
Compressed class space mapped at: 0x000002304d000000-0x000002308d000000, reserved size: 1073741824
Narrow klass base: 0x000002304c000000, Narrow klass shift: 0, Narrow klass range: 0x100000000

GC Precious Log:
 CPUs: 16 total, 16 available
 Memory: 15654M
 Large Page Support: Disabled
 NUMA Support: Disabled
 Compressed Oops: Enabled (Zero based)
 Heap Region Size: 2M
 Heap Min Capacity: 8M
 Heap Initial Capacity: 246M
 Heap Max Capacity: 3914M
 Pre-touch: Disabled
 Parallel Workers: 13
 Concurrent Workers: 3
 Concurrent Refinement Workers: 13
 Periodic GC: Disabled

Heap:
 garbage-first heap   total 251904K, used 14336K [0x000000070b600000, 0x0000000800000000)
  region size 2048K, 8 young (16384K), 0 survivors (0K)
 Metaspace       used 6674K, committed 6848K, reserved 1114112K
  class space    used 746K, committed 832K, reserved 1048576K

Heap Regions: E=young(eden), S=young(survivor), O=old, HS=humongous(starts), HC=humongous(continues), CS=collection set, F=free, OA=open archive, CA=closed archive, TAMS=top-at-mark-start (previous, next)
|   0|0x000000070b600000, 0x000000070b800000, 0x000000070b800000|100%|HS|  |TAMS 0x000000070b600000, 0x000000070b600000| Complete 
|   1|0x000000070b800000, 0x000000070b800000, 0x000000070ba00000|  0%| F|  |TAMS 0x000000070b800000, 0x000000070b800000| Untracked 
|   2|0x000000070ba00000, 0x000000070ba00000, 0x000000070bc00000|  0%| F|  |TAMS 0x000000070ba00000, 0x000000070ba00000| Untracked 
|   3|0x000000070bc00000, 0x000000070bc00000, 0x000000070be00000|  0%| F|  |TAMS 0x000000070bc00000, 0x000000070bc00000| Untracked 
|   4|0x000000070be00000, 0x000000070be00000, 0x000000070c000000|  0%| F|  |TAMS 0x000000070be00000, 0x000000070be00000| Untracked 
|   5|0x000000070c000000, 0x000000070c000000, 0x000000070c200000|  0%| F|  |TAMS 0x000000070c000000, 0x000000070c000000| Untracked 
|   6|0x000000070c200000, 0x000000070c200000, 0x000000070c400000|  0%| F|  |TAMS 0x000000070c200000, 0x000000070c200000| Untracked 
|   7|0x000000070c400000, 0x000000070c400000, 0x000000070c600000|  0%| F|  |TAMS 0x000000070c400000, 0x000000070c400000| Untracked 
|   8|0x000000070c600000, 0x000000070c600000, 0x000000070c800000|  0%| F|  |TAMS 0x000000070c600000, 0x000000070c600000| Untracked 
|   9|0x000000070c800000, 0x000000070c800000, 0x000000070ca00000|  0%| F|  |TAMS 0x000000070c800000, 0x000000070c800000| Untracked 
|  10|0x000000070ca00000, 0x000000070ca00000, 0x000000070cc00000|  0%| F|  |TAMS 0x000000070ca00000, 0x000000070ca00000| Untracked 
|  11|0x000000070cc00000, 0x000000070cc00000, 0x000000070ce00000|  0%| F|  |TAMS 0x000000070cc00000, 0x000000070cc00000| Untracked 
|  12|0x000000070ce00000, 0x000000070ce00000, 0x000000070d000000|  0%| F|  |TAMS 0x000000070ce00000, 0x000000070ce00000| Untracked 
|  13|0x000000070d000000, 0x000000070d000000, 0x000000070d200000|  0%| F|  |TAMS 0x000000070d000000, 0x000000070d000000| Untracked 
|  14|0x000000070d200000, 0x000000070d200000, 0x000000070d400000|  0%| F|  |TAMS 0x000000070d200000, 0x000000070d200000| Untracked 
|  15|0x000000070d400000, 0x000000070d400000, 0x000000070d600000|  0%| F|  |TAMS 0x000000070d400000, 0x000000070d400000| Untracked 
|  16|0x000000070d600000, 0x000000070d600000, 0x000000070d800000|  0%| F|  |TAMS 0x000000070d600000, 0x000000070d600000| Untracked 
|  17|0x000000070d800000, 0x000000070d800000, 0x000000070da00000|  0%| F|  |TAMS 0x000000070d800000, 0x000000070d800000| Untracked 
|  18|0x000000070da00000, 0x000000070da00000, 0x000000070dc00000|  0%| F|  |TAMS 0x000000070da00000, 0x000000070da00000| Untracked 
|  19|0x000000070dc00000, 0x000000070dc00000, 0x000000070de00000|  0%| F|  |TAMS 0x000000070dc00000, 0x000000070dc00000| Untracked 
|  20|0x000000070de00000, 0x000000070de00000, 0x000000070e000000|  0%| F|  |TAMS 0x000000070de00000, 0x000000070de00000| Untracked 
|  21|0x000000070e000000, 0x000000070e000000, 0x000000070e200000|  0%| F|  |TAMS 0x000000070e000000, 0x000000070e000000| Untracked 
|  22|0x000000070e200000, 0x000000070e200000, 0x000000070e400000|  0%| F|  |TAMS 0x000000070e200000, 0x000000070e200000| Untracked 
|  23|0x000000070e400000, 0x000000070e400000, 0x000000070e600000|  0%| F|  |TAMS 0x000000070e400000, 0x000000070e400000| Untracked 
|  24|0x000000070e600000, 0x000000070e600000, 0x000000070e800000|  0%| F|  |TAMS 0x000000070e600000, 0x000000070e600000| Untracked 
|  25|0x000000070e800000, 0x000000070e800000, 0x000000070ea00000|  0%| F|  |TAMS 0x000000070e800000, 0x000000070e800000| Untracked 
|  26|0x000000070ea00000, 0x000000070ea00000, 0x000000070ec00000|  0%| F|  |TAMS 0x000000070ea00000, 0x000000070ea00000| Untracked 
|  27|0x000000070ec00000, 0x000000070ec00000, 0x000000070ee00000|  0%| F|  |TAMS 0x000000070ec00000, 0x000000070ec00000| Untracked 
|  28|0x000000070ee00000, 0x000000070ee00000, 0x000000070f000000|  0%| F|  |TAMS 0x000000070ee00000, 0x000000070ee00000| Untracked 
|  29|0x000000070f000000, 0x000000070f000000, 0x000000070f200000|  0%| F|  |TAMS 0x000000070f000000, 0x000000070f000000| Untracked 
|  30|0x000000070f200000, 0x000000070f200000, 0x000000070f400000|  0%| F|  |TAMS 0x000000070f200000, 0x000000070f200000| Untracked 
|  31|0x000000070f400000, 0x000000070f400000, 0x000000070f600000|  0%| F|  |TAMS 0x000000070f400000, 0x000000070f400000| Untracked 
|  32|0x000000070f600000, 0x000000070f600000, 0x000000070f800000|  0%| F|  |TAMS 0x000000070f600000, 0x000000070f600000| Untracked 
|  33|0x000000070f800000, 0x000000070f800000, 0x000000070fa00000|  0%| F|  |TAMS 0x000000070f800000, 0x000000070f800000| Untracked 
|  34|0x000000070fa00000, 0x000000070fa00000, 0x000000070fc00000|  0%| F|  |TAMS 0x000000070fa00000, 0x000000070fa00000| Untracked 
|  35|0x000000070fc00000, 0x000000070fc00000, 0x000000070fe00000|  0%| F|  |TAMS 0x000000070fc00000, 0x000000070fc00000| Untracked 
|  36|0x000000070fe00000, 0x000000070fe00000, 0x0000000710000000|  0%| F|  |TAMS 0x000000070fe00000, 0x000000070fe00000| Untracked 
|  37|0x0000000710000000, 0x0000000710000000, 0x0000000710200000|  0%| F|  |TAMS 0x0000000710000000, 0x0000000710000000| Untracked 
|  38|0x0000000710200000, 0x0000000710200000, 0x0000000710400000|  0%| F|  |TAMS 0x0000000710200000, 0x0000000710200000| Untracked 
|  39|0x0000000710400000, 0x0000000710400000, 0x0000000710600000|  0%| F|  |TAMS 0x0000000710400000, 0x0000000710400000| Untracked 
|  40|0x0000000710600000, 0x0000000710600000, 0x0000000710800000|  0%| F|  |TAMS 0x0000000710600000, 0x0000000710600000| Untracked 
|  41|0x0000000710800000, 0x0000000710800000, 0x0000000710a00000|  0%| F|  |TAMS 0x0000000710800000, 0x0000000710800000| Untracked 
|  42|0x0000000710a00000, 0x0000000710a00000, 0x0000000710c00000|  0%| F|  |TAMS 0x0000000710a00000, 0x0000000710a00000| Untracked 
|  43|0x0000000710c00000, 0x0000000710c00000, 0x0000000710e00000|  0%| F|  |TAMS 0x0000000710c00000, 0x0000000710c00000| Untracked 
|  44|0x0000000710e00000, 0x0000000710e00000, 0x0000000711000000|  0%| F|  |TAMS 0x0000000710e00000, 0x0000000710e00000| Untracked 
|  45|0x0000000711000000, 0x0000000711000000, 0x0000000711200000|  0%| F|  |TAMS 0x0000000711000000, 0x0000000711000000| Untracked 
|  46|0x0000000711200000, 0x0000000711200000, 0x0000000711400000|  0%| F|  |TAMS 0x0000000711200000, 0x0000000711200000| Untracked 
|  47|0x0000000711400000, 0x0000000711400000, 0x0000000711600000|  0%| F|  |TAMS 0x0000000711400000, 0x0000000711400000| Untracked 
|  48|0x0000000711600000, 0x0000000711600000, 0x0000000711800000|  0%| F|  |TAMS 0x0000000711600000, 0x0000000711600000| Untracked 
|  49|0x0000000711800000, 0x0000000711800000, 0x0000000711a00000|  0%| F|  |TAMS 0x0000000711800000, 0x0000000711800000| Untracked 
|  50|0x0000000711a00000, 0x0000000711a00000, 0x0000000711c00000|  0%| F|  |TAMS 0x0000000711a00000, 0x0000000711a00000| Untracked 
|  51|0x0000000711c00000, 0x0000000711c00000, 0x0000000711e00000|  0%| F|  |TAMS 0x0000000711c00000, 0x0000000711c00000| Untracked 
|  52|0x0000000711e00000, 0x0000000711e00000, 0x0000000712000000|  0%| F|  |TAMS 0x0000000711e00000, 0x0000000711e00000| Untracked 
|  53|0x0000000712000000, 0x0000000712000000, 0x0000000712200000|  0%| F|  |TAMS 0x0000000712000000, 0x0000000712000000| Untracked 
|  54|0x0000000712200000, 0x0000000712200000, 0x0000000712400000|  0%| F|  |TAMS 0x0000000712200000, 0x0000000712200000| Untracked 
|  55|0x0000000712400000, 0x0000000712400000, 0x0000000712600000|  0%| F|  |TAMS 0x0000000712400000, 0x0000000712400000| Untracked 
|  56|0x0000000712600000, 0x0000000712600000, 0x0000000712800000|  0%| F|  |TAMS 0x0000000712600000, 0x0000000712600000| Untracked 
|  57|0x0000000712800000, 0x0000000712800000, 0x0000000712a00000|  0%| F|  |TAMS 0x0000000712800000, 0x0000000712800000| Untracked 
|  58|0x0000000712a00000, 0x0000000712a00000, 0x0000000712c00000|  0%| F|  |TAMS 0x0000000712a00000, 0x0000000712a00000| Untracked 
|  59|0x0000000712c00000, 0x0000000712c00000, 0x0000000712e00000|  0%| F|  |TAMS 0x0000000712c00000, 0x0000000712c00000| Untracked 
|  60|0x0000000712e00000, 0x0000000712e00000, 0x0000000713000000|  0%| F|  |TAMS 0x0000000712e00000, 0x0000000712e00000| Untracked 
|  61|0x0000000713000000, 0x0000000713000000, 0x0000000713200000|  0%| F|  |TAMS 0x0000000713000000, 0x0000000713000000| Untracked 
|  62|0x0000000713200000, 0x0000000713200000, 0x0000000713400000|  0%| F|  |TAMS 0x0000000713200000, 0x0000000713200000| Untracked 
|  63|0x0000000713400000, 0x0000000713400000, 0x0000000713600000|  0%| F|  |TAMS 0x0000000713400000, 0x0000000713400000| Untracked 
|  64|0x0000000713600000, 0x0000000713600000, 0x0000000713800000|  0%| F|  |TAMS 0x0000000713600000, 0x0000000713600000| Untracked 
|  65|0x0000000713800000, 0x0000000713800000, 0x0000000713a00000|  0%| F|  |TAMS 0x0000000713800000, 0x0000000713800000| Untracked 
|  66|0x0000000713a00000, 0x0000000713a00000, 0x0000000713c00000|  0%| F|  |TAMS 0x0000000713a00000, 0x0000000713a00000| Untracked 
|  67|0x0000000713c00000, 0x0000000713c00000, 0x0000000713e00000|  0%| F|  |TAMS 0x0000000713c00000, 0x0000000713c00000| Untracked 
|  68|0x0000000713e00000, 0x0000000713e00000, 0x0000000714000000|  0%| F|  |TAMS 0x0000000713e00000, 0x0000000713e00000| Untracked 
|  69|0x0000000714000000, 0x0000000714000000, 0x0000000714200000|  0%| F|  |TAMS 0x0000000714000000, 0x0000000714000000| Untracked 
|  70|0x0000000714200000, 0x0000000714200000, 0x0000000714400000|  0%| F|  |TAMS 0x0000000714200000, 0x0000000714200000| Untracked 
|  71|0x0000000714400000, 0x0000000714400000, 0x0000000714600000|  0%| F|  |TAMS 0x0000000714400000, 0x0000000714400000| Untracked 
|  72|0x0000000714600000, 0x0000000714600000, 0x0000000714800000|  0%| F|  |TAMS 0x0000000714600000, 0x0000000714600000| Untracked 
|  73|0x0000000714800000, 0x0000000714800000, 0x0000000714a00000|  0%| F|  |TAMS 0x0000000714800000, 0x0000000714800000| Untracked 
|  74|0x0000000714a00000, 0x0000000714a00000, 0x0000000714c00000|  0%| F|  |TAMS 0x0000000714a00000, 0x0000000714a00000| Untracked 
|  75|0x0000000714c00000, 0x0000000714c00000, 0x0000000714e00000|  0%| F|  |TAMS 0x0000000714c00000, 0x0000000714c00000| Untracked 
|  76|0x0000000714e00000, 0x0000000714e00000, 0x0000000715000000|  0%| F|  |TAMS 0x0000000714e00000, 0x0000000714e00000| Untracked 
|  77|0x0000000715000000, 0x0000000715000000, 0x0000000715200000|  0%| F|  |TAMS 0x0000000715000000, 0x0000000715000000| Untracked 
|  78|0x0000000715200000, 0x0000000715200000, 0x0000000715400000|  0%| F|  |TAMS 0x0000000715200000, 0x0000000715200000| Untracked 
|  79|0x0000000715400000, 0x0000000715400000, 0x0000000715600000|  0%| F|  |TAMS 0x0000000715400000, 0x0000000715400000| Untracked 
|  80|0x0000000715600000, 0x0000000715600000, 0x0000000715800000|  0%| F|  |TAMS 0x0000000715600000, 0x0000000715600000| Untracked 
|  81|0x0000000715800000, 0x0000000715800000, 0x0000000715a00000|  0%| F|  |TAMS 0x0000000715800000, 0x0000000715800000| Untracked 
|  82|0x0000000715a00000, 0x0000000715a00000, 0x0000000715c00000|  0%| F|  |TAMS 0x0000000715a00000, 0x0000000715a00000| Untracked 
|  83|0x0000000715c00000, 0x0000000715c00000, 0x0000000715e00000|  0%| F|  |TAMS 0x0000000715c00000, 0x0000000715c00000| Untracked 
|  84|0x0000000715e00000, 0x0000000715e00000, 0x0000000716000000|  0%| F|  |TAMS 0x0000000715e00000, 0x0000000715e00000| Untracked 
|  85|0x0000000716000000, 0x0000000716000000, 0x0000000716200000|  0%| F|  |TAMS 0x0000000716000000, 0x0000000716000000| Untracked 
|  86|0x0000000716200000, 0x0000000716200000, 0x0000000716400000|  0%| F|  |TAMS 0x0000000716200000, 0x0000000716200000| Untracked 
|  87|0x0000000716400000, 0x0000000716400000, 0x0000000716600000|  0%| F|  |TAMS 0x0000000716400000, 0x0000000716400000| Untracked 
|  88|0x0000000716600000, 0x0000000716600000, 0x0000000716800000|  0%| F|  |TAMS 0x0000000716600000, 0x0000000716600000| Untracked 
|  89|0x0000000716800000, 0x0000000716800000, 0x0000000716a00000|  0%| F|  |TAMS 0x0000000716800000, 0x0000000716800000| Untracked 
|  90|0x0000000716a00000, 0x0000000716a00000, 0x0000000716c00000|  0%| F|  |TAMS 0x0000000716a00000, 0x0000000716a00000| Untracked 
|  91|0x0000000716c00000, 0x0000000716c00000, 0x0000000716e00000|  0%| F|  |TAMS 0x0000000716c00000, 0x0000000716c00000| Untracked 
|  92|0x0000000716e00000, 0x0000000716e00000, 0x0000000717000000|  0%| F|  |TAMS 0x0000000716e00000, 0x0000000716e00000| Untracked 
|  93|0x0000000717000000, 0x0000000717000000, 0x0000000717200000|  0%| F|  |TAMS 0x0000000717000000, 0x0000000717000000| Untracked 
|  94|0x0000000717200000, 0x0000000717200000, 0x0000000717400000|  0%| F|  |TAMS 0x0000000717200000, 0x0000000717200000| Untracked 
|  95|0x0000000717400000, 0x0000000717400000, 0x0000000717600000|  0%| F|  |TAMS 0x0000000717400000, 0x0000000717400000| Untracked 
|  96|0x0000000717600000, 0x0000000717600000, 0x0000000717800000|  0%| F|  |TAMS 0x0000000717600000, 0x0000000717600000| Untracked 
|  97|0x0000000717800000, 0x0000000717800000, 0x0000000717a00000|  0%| F|  |TAMS 0x0000000717800000, 0x0000000717800000| Untracked 
|  98|0x0000000717a00000, 0x0000000717a00000, 0x0000000717c00000|  0%| F|  |TAMS 0x0000000717a00000, 0x0000000717a00000| Untracked 
|  99|0x0000000717c00000, 0x0000000717c00000, 0x0000000717e00000|  0%| F|  |TAMS 0x0000000717c00000, 0x0000000717c00000| Untracked 
| 100|0x0000000717e00000, 0x0000000717e00000, 0x0000000718000000|  0%| F|  |TAMS 0x0000000717e00000, 0x0000000717e00000| Untracked 
| 101|0x0000000718000000, 0x0000000718000000, 0x0000000718200000|  0%| F|  |TAMS 0x0000000718000000, 0x0000000718000000| Untracked 
| 102|0x0000000718200000, 0x0000000718200000, 0x0000000718400000|  0%| F|  |TAMS 0x0000000718200000, 0x0000000718200000| Untracked 
| 103|0x0000000718400000, 0x0000000718400000, 0x0000000718600000|  0%| F|  |TAMS 0x0000000718400000, 0x0000000718400000| Untracked 
| 104|0x0000000718600000, 0x0000000718600000, 0x0000000718800000|  0%| F|  |TAMS 0x0000000718600000, 0x0000000718600000| Untracked 
| 105|0x0000000718800000, 0x0000000718800000, 0x0000000718a00000|  0%| F|  |TAMS 0x0000000718800000, 0x0000000718800000| Untracked 
| 106|0x0000000718a00000, 0x0000000718a00000, 0x0000000718c00000|  0%| F|  |TAMS 0x0000000718a00000, 0x0000000718a00000| Untracked 
| 107|0x0000000718c00000, 0x0000000718c00000, 0x0000000718e00000|  0%| F|  |TAMS 0x0000000718c00000, 0x0000000718c00000| Untracked 
| 108|0x0000000718e00000, 0x0000000718e00000, 0x0000000719000000|  0%| F|  |TAMS 0x0000000718e00000, 0x0000000718e00000| Untracked 
| 109|0x0000000719000000, 0x0000000719000000, 0x0000000719200000|  0%| F|  |TAMS 0x0000000719000000, 0x0000000719000000| Untracked 
| 110|0x0000000719200000, 0x0000000719200000, 0x0000000719400000|  0%| F|  |TAMS 0x0000000719200000, 0x0000000719200000| Untracked 
| 111|0x0000000719400000, 0x0000000719400000, 0x0000000719600000|  0%| F|  |TAMS 0x0000000719400000, 0x0000000719400000| Untracked 
| 112|0x0000000719600000, 0x0000000719600000, 0x0000000719800000|  0%| F|  |TAMS 0x0000000719600000, 0x0000000719600000| Untracked 
| 113|0x0000000719800000, 0x0000000719800000, 0x0000000719a00000|  0%| F|  |TAMS 0x0000000719800000, 0x0000000719800000| Untracked 
| 114|0x0000000719a00000, 0x0000000719a00000, 0x0000000719c00000|  0%| F|  |TAMS 0x0000000719a00000, 0x0000000719a00000| Untracked 
| 115|0x0000000719c00000, 0x0000000719c71248, 0x0000000719e00000| 22%| E|  |TAMS 0x0000000719c00000, 0x0000000719c00000| Complete 
| 116|0x0000000719e00000, 0x000000071a000000, 0x000000071a000000|100%| E|CS|TAMS 0x0000000719e00000, 0x0000000719e00000| Complete 
| 117|0x000000071a000000, 0x000000071a200000, 0x000000071a200000|100%| E|  |TAMS 0x000000071a000000, 0x000000071a000000| Complete 
| 118|0x000000071a200000, 0x000000071a400000, 0x000000071a400000|100%| E|CS|TAMS 0x000000071a200000, 0x000000071a200000| Complete 
| 119|0x000000071a400000, 0x000000071a600000, 0x000000071a600000|100%| E|CS|TAMS 0x000000071a400000, 0x000000071a400000| Complete 
| 120|0x000000071a600000, 0x000000071a800000, 0x000000071a800000|100%| E|CS|TAMS 0x000000071a600000, 0x000000071a600000| Complete 
| 121|0x000000071a800000, 0x000000071aa00000, 0x000000071aa00000|100%| E|CS|TAMS 0x000000071a800000, 0x000000071a800000| Complete 
| 122|0x000000071aa00000, 0x000000071ac00000, 0x000000071ac00000|100%| E|CS|TAMS 0x000000071aa00000, 0x000000071aa00000| Complete 

Card table byte_map: [0x000002303f680000,0x000002303fe30000] _byte_map_base: 0x000002303be25000

Marking Bits (Prev, Next): (CMBitMap*) 0x0000023025ec9e50, (CMBitMap*) 0x0000023025ec9e90
 Prev Bits: [0x00000230405e0000, 0x0000023044308000)
 Next Bits: [0x0000023044310000, 0x0000023048038000)

Polling page: 0x0000023025f30000

Metaspace:

Usage:
  Non-class:      5.79 MB used.
      Class:    746.02 KB used.
       Both:      6.52 MB used.

Virtual space:
  Non-class space:       64.00 MB reserved,       5.88 MB (  9%) committed,  1 nodes.
      Class space:        1.00 GB reserved,     832.00 KB ( <1%) committed,  1 nodes.
             Both:        1.06 GB reserved,       6.69 MB ( <1%) committed. 

Chunk freelists:
   Non-Class:  10.13 MB
       Class:  15.12 MB
        Both:  25.25 MB

MaxMetaspaceSize: unlimited
CompressedClassSpaceSize: 1.00 GB
Initial GC threshold: 21.00 MB
Current GC threshold: 21.00 MB
CDS: on
MetaspaceReclaimPolicy: balanced
 - commit_granule_bytes: 65536.
 - commit_granule_words: 8192.
 - virtual_space_node_default_size: 8388608.
 - enlarge_chunks_in_place: 1.
 - new_chunks_are_fully_committed: 0.
 - uncommit_free_chunks: 1.
 - use_allocation_guard: 0.
 - handle_deallocations: 1.


Internal statistics:

num_allocs_failed_limit: 0.
num_arena_births: 104.
num_arena_deaths: 0.
num_vsnodes_births: 2.
num_vsnodes_deaths: 0.
num_space_committed: 107.
num_space_uncommitted: 0.
num_chunks_returned_to_freelist: 0.
num_chunks_taken_from_freelist: 145.
num_chunk_merges: 0.
num_chunk_splits: 80.
num_chunks_enlarged: 23.
num_inconsistent_stats: 0.

CodeHeap 'non-profiled nmethods': size=119168Kb used=241Kb max_used=241Kb free=118926Kb
 bounds [0x0000023036aa0000, 0x0000023036d10000, 0x000002303df00000]
CodeHeap 'profiled nmethods': size=119104Kb used=1423Kb max_used=1423Kb free=117680Kb
 bounds [0x000002302ef00000, 0x000002302f170000, 0x0000023036350000]
CodeHeap 'non-nmethods': size=7488Kb used=2936Kb max_used=2946Kb free=4551Kb
 bounds [0x0000023036350000, 0x0000023036640000, 0x0000023036aa0000]
 total_blobs=1369 nmethods=815 adapters=464
 compilation: enabled
              stopped_count=0, restarted_count=0
 full_count=0

Compilation events (20 events):
Event: 0.407 Thread 0x000002304b320710 nmethod 809 0x000002302f060a10 code [0x000002302f060bc0, 0x000002302f060d18]
Event: 0.407 Thread 0x000002304b320710  810       3       java.lang.Class::reflectionData (43 bytes)
Event: 0.408 Thread 0x000002304b320710 nmethod 810 0x000002302f060e10 code [0x000002302f060fe0, 0x000002302f0613f8]
Event: 0.408 Thread 0x000002304b320710  811   !   3       javax.swing.UIManager::getLAFState (61 bytes)
Event: 0.408 Thread 0x000002304b320710 nmethod 811 0x000002302f061510 code [0x000002302f061760, 0x000002302f061ec8]
Event: 0.410 Thread 0x000002304b209b50  813       3       java.lang.Integer::hashCode (8 bytes)
Event: 0.410 Thread 0x000002304b321a10  814       3       java.lang.Integer::hashCode (2 bytes)
Event: 0.410 Thread 0x000002304b321a10 nmethod 814 0x000002302f062210 code [0x000002302f0623a0, 0x000002302f062498]
Event: 0.410 Thread 0x000002304b209b50 nmethod 813 0x000002302f062510 code [0x000002302f0626a0, 0x000002302f0627f8]
Event: 0.415 Thread 0x000002304b320710  817       3       jdk.internal.org.objectweb.asm.MethodWriter::visitFieldInsn (258 bytes)
Event: 0.415 Thread 0x000002304b320c30  818       3       jdk.internal.org.objectweb.asm.SymbolTable::addConstantFieldref (10 bytes)
Event: 0.415 Thread 0x000002304b320c30 nmethod 818 0x000002302f062890 code [0x000002302f062a20, 0x000002302f062b68]
Event: 0.415 Thread 0x000002304b320710 nmethod 817 0x000002302f062c10 code [0x000002302f062e80, 0x000002302f063a08]
Event: 0.418 Thread 0x000002304b1fd680 nmethod 785 0x0000023036ad9010 code [0x0000023036ad9240, 0x0000023036adad40]
Event: 0.418 Thread 0x000002304b1fd680  812       4       java.lang.Object::<init> (1 bytes)
Event: 0.419 Thread 0x000002304b1fd680 nmethod 812 0x0000023036adbb10 code [0x0000023036adbc80, 0x0000023036adbd38]
Event: 0.419 Thread 0x000002304b1fd680  787   !   4       sun.awt.image.ImageDecoder::nextConsumer (69 bytes)
Event: 0.420 Thread 0x000002304b1fd680 nmethod 787 0x0000023036adbe10 code [0x0000023036adbf80, 0x0000023036adc2b8]
Event: 0.420 Thread 0x000002304b1fd680  815       4       java.lang.CharacterDataLatin1::getProperties (11 bytes)
Event: 0.420 Thread 0x000002304b1fd680 nmethod 815 0x0000023036adc410 code [0x0000023036adc580, 0x0000023036adc618]

GC Heap History (0 events):
No events

Deoptimization events (20 events):
Event: 0.382 Thread 0x000002304b876b40 DEOPT PACKING pc=0x000002302f02c16d sp=0x00000085cd8fef30
Event: 0.382 Thread 0x000002304b876b40 DEOPT UNPACKING pc=0x00000230363a66e3 sp=0x00000085cd8fe3a0 mode 0
Event: 0.382 Thread 0x000002304b876b40 DEOPT PACKING pc=0x000002302f02c16d sp=0x00000085cd8fef30
Event: 0.382 Thread 0x000002304b876b40 DEOPT UNPACKING pc=0x00000230363a66e3 sp=0x00000085cd8fe3a0 mode 0
Event: 0.382 Thread 0x000002304b876b40 DEOPT PACKING pc=0x000002302f02c16d sp=0x00000085cd8fef30
Event: 0.382 Thread 0x000002304b876b40 DEOPT UNPACKING pc=0x00000230363a66e3 sp=0x00000085cd8fe3a0 mode 0
Event: 0.382 Thread 0x000002304b876b40 DEOPT PACKING pc=0x000002302f02c16d sp=0x00000085cd8fef30
Event: 0.382 Thread 0x000002304b876b40 DEOPT UNPACKING pc=0x00000230363a66e3 sp=0x00000085cd8fe3a0 mode 0
Event: 0.382 Thread 0x000002304b876b40 DEOPT PACKING pc=0x000002302f02c16d sp=0x00000085cd8fef30
Event: 0.382 Thread 0x000002304b876b40 DEOPT UNPACKING pc=0x00000230363a66e3 sp=0x00000085cd8fe3a0 mode 0
Event: 0.382 Thread 0x000002304b876b40 DEOPT PACKING pc=0x000002302f02c16d sp=0x00000085cd8fef30
Event: 0.382 Thread 0x000002304b876b40 DEOPT UNPACKING pc=0x00000230363a66e3 sp=0x00000085cd8fe3a0 mode 0
Event: 0.383 Thread 0x000002304b876b40 DEOPT PACKING pc=0x000002302f02c16d sp=0x00000085cd8fef30
Event: 0.383 Thread 0x000002304b876b40 DEOPT UNPACKING pc=0x00000230363a66e3 sp=0x00000085cd8fe3a0 mode 0
Event: 0.383 Thread 0x000002304b876b40 DEOPT PACKING pc=0x000002302f02c16d sp=0x00000085cd8fef30
Event: 0.383 Thread 0x000002304b876b40 DEOPT UNPACKING pc=0x00000230363a66e3 sp=0x00000085cd8fe3a0 mode 0
Event: 0.383 Thread 0x000002304b876b40 DEOPT PACKING pc=0x000002302f02c16d sp=0x00000085cd8fef30
Event: 0.383 Thread 0x000002304b876b40 DEOPT UNPACKING pc=0x00000230363a66e3 sp=0x00000085cd8fe3a0 mode 0
Event: 0.383 Thread 0x000002304b876b40 DEOPT PACKING pc=0x000002302f02c16d sp=0x00000085cd8fef30
Event: 0.383 Thread 0x000002304b876b40 DEOPT UNPACKING pc=0x00000230363a66e3 sp=0x00000085cd8fe3a0 mode 0

Classes unloaded (0 events):
No events

Classes redefined (0 events):
No events

Internal exceptions (13 events):
Event: 0.070 Thread 0x000002304b3d1460 Exception <a 'java/lang/NoSuchMethodError'{0x000000071a875968}: 'java.lang.Object java.lang.invoke.DirectMethodHandle$Holder.invokeStaticInit(java.lang.Object)'> (0x000000071a875968) 
thrown [s\open\src\hotspot\share\interpreter\linkResolver.cpp, line 759]
Event: 0.075 Thread 0x000002304b3d1460 Exception <a 'java/lang/NoSuchMethodError'{0x000000071a883628}: 'void java.lang.invoke.DirectMethodHandle$Holder.invokeStatic(java.lang.Object, java.lang.Object)'> (0x000000071a883628) 
thrown [s\open\src\hotspot\share\interpreter\linkResolver.cpp, line 759]
Event: 0.079 Thread 0x0000023025e5e720 Exception <a 'java/lang/ClassNotFoundException'{0x000000071a831d48}: sun/awt/resources/spi/awtProvider> (0x000000071a831d48) 
thrown [s\open\src\hotspot\share\classfile\systemDictionary.cpp, line 256]
Event: 0.098 Thread 0x0000023025e5e720 Exception <a 'java/io/FileNotFoundException'{0x000000071a9d6f98}> (0x000000071a9d6f98) 
thrown [s\open\src\hotspot\share\prims\jni.cpp, line 516]
Event: 0.103 Thread 0x0000023025e5e720 Exception <a 'java/io/FileNotFoundException'{0x000000071a604538}> (0x000000071a604538) 
thrown [s\open\src\hotspot\share\prims\jni.cpp, line 516]
Event: 0.236 Thread 0x0000023025e5e720 Exception <a 'java/lang/NoSuchMethodError'{0x000000071a700540}: 'void java.lang.invoke.DirectMethodHandle$Holder.invokeSpecial(java.lang.Object, java.lang.Object, java.lang.Object)'> (0x000000071a700540) 
thrown [s\open\src\hotspot\share\interpreter\linkResolver.cpp, line 759]
Event: 0.242 Thread 0x0000023025e5e720 Exception <a 'java/lang/NoSuchMethodError'{0x000000071a72a6e0}: 'java.lang.Object java.lang.invoke.DirectMethodHandle$Holder.newInvokeSpecial(java.lang.Object, java.lang.Object, java.lang.Object, java.lang.Object, java.lang.Object)'> (0x000000071a72a6e0) 
thrown [s\open\src\hotspot\share\interpreter\linkResolver.cpp, line 759]
Event: 0.243 Thread 0x0000023025e5e720 Exception <a 'java/lang/NoSuchMethodError'{0x000000071a7360a8}: 'java.lang.Object java.lang.invoke.DirectMethodHandle$Holder.invokeStatic(java.lang.Object, int, java.lang.Object, java.lang.Object, java.lang.Object, java.lang.Object)'> (0x000000071a7360a8) 
thrown [s\open\src\hotspot\share\interpreter\linkResolver.cpp, line 759]
Event: 0.246 Thread 0x0000023025e5e720 Exception <a 'java/lang/NoSuchMethodError'{0x000000071a75baa8}: 'java.lang.Object java.lang.invoke.DirectMethodHandle$Holder.invokeStatic(java.lang.Object, int, java.lang.Object)'> (0x000000071a75baa8) 
thrown [s\open\src\hotspot\share\interpreter\linkResolver.cpp, line 759]
Event: 0.262 Thread 0x0000023025e5e720 Exception <a 'java/lang/ClassNotFoundException'{0x000000071a450998}: com/sun/swing/internal/plaf/metal/resources/spi/metalProvider> (0x000000071a450998) 
thrown [s\open\src\hotspot\share\classfile\systemDictionary.cpp, line 256]
Event: 0.263 Thread 0x0000023025e5e720 Exception <a 'java/lang/ClassNotFoundException'{0x000000071a4547f0}: com/sun/swing/internal/plaf/basic/resources/spi/basicProvider> (0x000000071a4547f0) 
thrown [s\open\src\hotspot\share\classfile\systemDictionary.cpp, line 256]
Event: 0.302 Thread 0x000002304b876b40 Exception <a 'java/lang/NoSuchMethodError'{0x000000071a5f0a28}: 'java.lang.Object java.lang.invoke.DirectMethodHandle$Holder.newInvokeSpecial(java.lang.Object, java.lang.Object, java.lang.Object, int, int, int, int, int)'> (0x000000071a5f0a28) 
thrown [s\open\src\hotspot\share\interpreter\linkResolver.cpp, line 759]
Event: 0.414 Thread 0x000002304b5dab10 Exception <a 'java/lang/NoSuchMethodError'{0x000000071a6807f0}: 'void java.lang.invoke.DirectMethodHandle$Holder.invokeVirtual(java.lang.Object, java.lang.Object)'> (0x000000071a6807f0) 
thrown [s\open\src\hotspot\share\interpreter\linkResolver.cpp, line 759]

VM Operations (6 events):
Event: 0.069 Executing VM operation: HandshakeAllThreads
Event: 0.069 Executing VM operation: HandshakeAllThreads done
Event: 0.319 Executing VM operation: HandshakeAllThreads
Event: 0.319 Executing VM operation: HandshakeAllThreads done
Event: 0.403 Executing VM operation: HandshakeAllThreads
Event: 0.403 Executing VM operation: HandshakeAllThreads done

Events (20 events):
Event: 0.420 loading class sun/java2d/loops/DrawParallelogram done
Event: 0.420 loading class sun/java2d/loops/DrawLine
Event: 0.420 loading class sun/java2d/loops/DrawLine done
Event: 0.420 loading class sun/java2d/loops/DrawRect
Event: 0.420 loading class sun/java2d/loops/DrawRect done
Event: 0.420 loading class sun/java2d/loops/DrawPolygons
Event: 0.420 loading class sun/java2d/loops/DrawPolygons done
Event: 0.420 loading class sun/java2d/loops/DrawPath
Event: 0.420 loading class sun/java2d/loops/DrawPath done
Event: 0.420 loading class sun/java2d/loops/FillPath
Event: 0.420 loading class sun/java2d/loops/FillPath done
Event: 0.420 loading class sun/java2d/loops/MaskBlit
Event: 0.420 loading class sun/java2d/loops/MaskBlit done
Event: 0.420 loading class sun/java2d/loops/MaskFill
Event: 0.420 loading class sun/java2d/loops/MaskFill done
Event: 0.420 loading class sun/java2d/loops/DrawGlyphList
Event: 0.420 loading class sun/java2d/loops/DrawGlyphList done
Event: 0.420 loading class sun/java2d/loops/DrawGlyphListAA
Event: 0.420 loading class sun/java2d/loops/DrawGlyphListAA done
Event: 0.420 loading class sun/java2d/loops/DrawGlyphListLCD


Dynamic libraries:
0x00007ff6cff30000 - 0x00007ff6cff40000 	C:\Program Files\Java\jdk-17\bin\java.exe
0x00007ffe8ed20000 - 0x00007ffe8ef86000 	C:\WINDOWS\SYSTEM32\ntdll.dll
0x00007ffe8e810000 - 0x00007ffe8e8d9000 	C:\WINDOWS\System32\KERNEL32.DLL
0x00007ffe8c190000 - 0x00007ffe8c55c000 	C:\WINDOWS\System32\KERNELBASE.dll
0x00007ffe8c560000 - 0x00007ffe8c6ab000 	C:\WINDOWS\System32\ucrtbase.dll
0x00007ffe7c540000 - 0x00007ffe7c55b000 	C:\Program Files\Java\jdk-17\bin\VCRUNTIME140.dll
0x00007ffe7c5a0000 - 0x00007ffe7c5b9000 	C:\Program Files\Java\jdk-17\bin\jli.dll
0x00007ffe8d430000 - 0x00007ffe8d4e2000 	C:\WINDOWS\System32\ADVAPI32.dll
0x00007ffe8d560000 - 0x00007ffe8d609000 	C:\WINDOWS\System32\msvcrt.dll
0x00007ffe8e210000 - 0x00007ffe8e2b6000 	C:\WINDOWS\System32\sechost.dll
0x00007ffe8d610000 - 0x00007ffe8d726000 	C:\WINDOWS\System32\RPCRT4.dll
0x00007ffe8e3d0000 - 0x00007ffe8e59a000 	C:\WINDOWS\System32\USER32.dll
0x00007ffe70890000 - 0x00007ffe70b2a000 	C:\WINDOWS\WinSxS\amd64_microsoft.windows.common-controls_6595b64144ccf1df_6.0.26100.3912_none_3e07963ce335137e\COMCTL32.dll
0x00007ffe8c030000 - 0x00007ffe8c057000 	C:\WINDOWS\System32\win32u.dll
0x00007ffe8e3a0000 - 0x00007ffe8e3cb000 	C:\WINDOWS\System32\GDI32.dll
0x00007ffe8c6b0000 - 0x00007ffe8c7e2000 	C:\WINDOWS\System32\gdi32full.dll
0x00007ffe8c970000 - 0x00007ffe8ca13000 	C:\WINDOWS\System32\msvcp_win.dll
0x00007ffe83d10000 - 0x00007ffe83d1b000 	C:\WINDOWS\SYSTEM32\VERSION.dll
0x00007ffe8e620000 - 0x00007ffe8e650000 	C:\WINDOWS\System32\IMM32.DLL
0x00007ffe84530000 - 0x00007ffe8453c000 	C:\Program Files\Java\jdk-17\bin\vcruntime140_1.dll
0x00007ffe7a590000 - 0x00007ffe7a61e000 	C:\Program Files\Java\jdk-17\bin\msvcp140.dll
0x00007ffe25270000 - 0x00007ffe25e4f000 	C:\Program Files\Java\jdk-17\bin\server\jvm.dll
0x00007ffe8d420000 - 0x00007ffe8d428000 	C:\WINDOWS\System32\PSAPI.DLL
0x00007ffe65300000 - 0x00007ffe6530a000 	C:\WINDOWS\SYSTEM32\WSOCK32.dll
0x00007ffe7f4c0000 - 0x00007ffe7f4f6000 	C:\WINDOWS\SYSTEM32\WINMM.dll
0x00007ffe8e8e0000 - 0x00007ffe8e954000 	C:\WINDOWS\System32\WS2_32.dll
0x00007ffe8ad90000 - 0x00007ffe8adaa000 	C:\WINDOWS\SYSTEM32\kernel.appcore.dll
0x00007ffe7e5b0000 - 0x00007ffe7e5ba000 	C:\Program Files\Java\jdk-17\bin\jimage.dll
0x00007ffe7e760000 - 0x00007ffe7e9a1000 	C:\WINDOWS\SYSTEM32\DBGHELP.DLL
0x00007ffe8cbe0000 - 0x00007ffe8cf64000 	C:\WINDOWS\System32\combase.dll
0x00007ffe8e6f0000 - 0x00007ffe8e7d0000 	C:\WINDOWS\System32\OLEAUT32.dll
0x00007ffe66340000 - 0x00007ffe66379000 	C:\WINDOWS\SYSTEM32\dbgcore.DLL
0x00007ffe8c0f0000 - 0x00007ffe8c189000 	C:\WINDOWS\System32\bcryptPrimitives.dll
0x00007ffe7d1b0000 - 0x00007ffe7d1be000 	C:\Program Files\Java\jdk-17\bin\instrument.dll
0x00007ffe7c430000 - 0x00007ffe7c455000 	C:\Program Files\Java\jdk-17\bin\java.dll
0x00007ffe749f0000 - 0x00007ffe74ac7000 	C:\Program Files\Java\jdk-17\bin\jsvml.dll
0x00007ffe8d730000 - 0x00007ffe8de5d000 	C:\WINDOWS\System32\SHELL32.dll
0x00007ffe8beb0000 - 0x00007ffe8c024000 	C:\WINDOWS\System32\wintypes.dll
0x00007ffe89b10000 - 0x00007ffe8a366000 	C:\WINDOWS\SYSTEM32\windows.storage.dll
0x00007ffe8df60000 - 0x00007ffe8e04f000 	C:\WINDOWS\System32\SHCORE.dll
0x00007ffe8d4f0000 - 0x00007ffe8d559000 	C:\WINDOWS\System32\shlwapi.dll
0x00007ffe8bdc0000 - 0x00007ffe8bdef000 	C:\WINDOWS\SYSTEM32\profapi.dll
0x00007ffe7aa40000 - 0x00007ffe7aa58000 	C:\Program Files\Java\jdk-17\bin\zip.dll
0x00007ffe7b880000 - 0x00007ffe7b899000 	C:\Program Files\Java\jdk-17\bin\net.dll
0x00007ffe86180000 - 0x00007ffe8629e000 	C:\WINDOWS\SYSTEM32\WINHTTP.dll
0x00007ffe8b300000 - 0x00007ffe8b36a000 	C:\WINDOWS\system32\mswsock.dll
0x00007ffe7b860000 - 0x00007ffe7b876000 	C:\Program Files\Java\jdk-17\bin\nio.dll
0x00007ffe7aa20000 - 0x00007ffe7aa3a000 	C:\Program Files\JetBrains\IntelliJ IDEA Community Edition 2023.3.2\bin\breakgen64.dll
0x00007ffe522c0000 - 0x00007ffe52451000 	C:\Program Files\Java\jdk-17\bin\awt.dll
0x00007ffe88ee0000 - 0x00007ffe88f7e000 	C:\WINDOWS\SYSTEM32\apphelp.dll
0x00007ffe89380000 - 0x00007ffe893b6000 	C:\WINDOWS\system32\DWMAPI.DLL
0x00007ffe89000000 - 0x00007ffe890af000 	C:\WINDOWS\system32\uxtheme.dll
0x00007ffe66d20000 - 0x00007ffe66e2c000 	C:\WINDOWS\system32\opengl32.dll
0x00007ffe668b0000 - 0x00007ffe668dd000 	C:\WINDOWS\SYSTEM32\GLU32.dll
0x00007ffe89420000 - 0x00007ffe89467000 	C:\WINDOWS\SYSTEM32\dxcore.dll
0x00007ffe8eb60000 - 0x00007ffe8ecbf000 	C:\WINDOWS\System32\MSCTF.dll
0x00007ffe8e060000 - 0x00007ffe8e1ff000 	C:\WINDOWS\System32\ole32.dll
0x00007ffe666f0000 - 0x00007ffe668a5000 	C:\WINDOWS\system32\d3d9.dll
0x00007ffe0ba60000 - 0x00007ffe0ba80000 	C:\WINDOWS\System32\DriverStore\FileRepository\u0405108.inf_amd64_503e66e8c3c22031\B404968\atidx9loader64.dll
0x00007ffe07120000 - 0x00007ffe0a964000 	C:\WINDOWS\System32\DriverStore\FileRepository\u0405108.inf_amd64_503e66e8c3c22031\B404968\AMDXN64.DLL
0x00007ffe8cf90000 - 0x00007ffe8d416000 	C:\WINDOWS\System32\SETUPAPI.dll
0x00007ffe89220000 - 0x00007ffe89353000 	C:\WINDOWS\SYSTEM32\dxgi.dll
0x00007ffe891b0000 - 0x00007ffe89210000 	C:\WINDOWS\SYSTEM32\directxdatabasehelper.dll
0x00007ffe8bb20000 - 0x00007ffe8bb77000 	C:\WINDOWS\SYSTEM32\cfgmgr32.dll
0x00007ffe8bd90000 - 0x00007ffe8bdb6000 	C:\WINDOWS\SYSTEM32\BCrypt.dll
0x00007ffe7e5e0000 - 0x00007ffe7e617000 	C:\WINDOWS\System32\DriverStore\FileRepository\u0405108.inf_amd64_503e66e8c3c22031\B404968\amdihk64.dll

dbghelp: loaded successfully - version: 4.0.5 - missing functions: none
symbol engine: initialized successfully - sym options: 0x614 - pdb path: .;C:\Program Files\Java\jdk-17\bin;C:\WINDOWS\SYSTEM32;C:\WINDOWS\WinSxS\amd64_microsoft.windows.common-controls_6595b64144ccf1df_6.0.26100.3912_none_3e07963ce335137e;C:\Program Files\Java\jdk-17\bin\server;C:\Program Files\JetBrains\IntelliJ IDEA Community Edition 2023.3.2\bin;C:\WINDOWS\System32\DriverStore\FileRepository\u0405108.inf_amd64_503e66e8c3c22031\B404968

VM Arguments:
jvm_args: -javaagent:C:\Program Files\JetBrains\IntelliJ IDEA Community Edition 2023.3.2\lib\idea_rt.jar=53136:C:\Program Files\JetBrains\IntelliJ IDEA Community Edition 2023.3.2\bin -Dfile.encoding=UTF-8 
java_command: chatting.application.Server
java_class_path (initial): C:\Users\aadit\IdeaProjects\QuickChat\out\production\QuickChat
Launcher Type: SUN_STANDARD

[Global flags]
     intx CICompilerCount                          = 12                                        {product} {ergonomic}
     uint ConcGCThreads                            = 3                                         {product} {ergonomic}
     uint G1ConcRefinementThreads                  = 13                                        {product} {ergonomic}
   size_t G1HeapRegionSize                         = 2097152                                   {product} {ergonomic}
    uintx GCDrainStackTargetSize                   = 64                                        {product} {ergonomic}
   size_t InitialHeapSize                          = 257949696                                 {product} {ergonomic}
   size_t MarkStackSize                            = 4194304                                   {product} {ergonomic}
   size_t MaxHeapSize                              = 4104126464                                {product} {ergonomic}
   size_t MaxNewSize                               = 2462056448                                {product} {ergonomic}
   size_t MinHeapDeltaBytes                        = 2097152                                   {product} {ergonomic}
   size_t MinHeapSize                              = 8388608                                   {product} {ergonomic}
    uintx NonNMethodCodeHeapSize                   = 7602480                                {pd product} {ergonomic}
    uintx NonProfiledCodeHeapSize                  = 122027880                              {pd product} {ergonomic}
    uintx ProfiledCodeHeapSize                     = 122027880                              {pd product} {ergonomic}
    uintx ReservedCodeCacheSize                    = 251658240                              {pd product} {ergonomic}
     bool SegmentedCodeCache                       = true                                      {product} {ergonomic}
   size_t SoftMaxHeapSize                          = 4104126464                             {manageable} {ergonomic}
     bool UseCompressedClassPointers               = true                           {product lp64_product} {ergonomic}
     bool UseCompressedOops                        = true                           {product lp64_product} {ergonomic}
     bool UseG1GC                                  = true                                      {product} {ergonomic}
     bool UseLargePagesIndividualAllocation        = false                                  {pd product} {ergonomic}

Logging:
Log output configuration:
 #0: stdout all=warning uptime,level,tags
 #1: stderr all=off uptime,level,tags

Environment Variables:
JAVA_HOME=C:\Program Files\Amazon Corretto\jdk17.0.13_11
PATH=C:\Program Files\Amazon Corretto\jdk17.0.13_11\bin;C:\Program Files\Python312\Scripts\;C:\Program Files\Python312\;C:\Program Files\Common Files\Oracle\Java\javapath;C:\Program Files (x86)\Common Files\Oracle\Java\java8path;C:\Program Files (x86)\Common Files\Oracle\Java\javapath;C:\windows\system32;C:\windows;C:\windows\System32\Wbem;C:\windows\System32\WindowsPowerShell\v1.0\;C:\windows\System32\OpenSSH\;C:\Program Files (x86)\NVIDIA Corporation\PhysX\Common;C:\Users\Administrator\AppData\Local\Microsoft\WindowsApps;C:\Windows;C:\Windows\System32;C:\Windows\System32\WindowsPowerShell\v1.0\;C:\Program Files\HP\OMEN-Broadcast\Common;C:\Users\aadit\Downloads\apache-maven-3.9.8\bin;C:\Program Files\NVIDIA Corporation\NVIDIA app\NvDLISR;C:\WINDOWS\system32;C:\WINDOWS;C:\WINDOWS\System32\Wbem;C:\WINDOWS\System32\WindowsPowerShell\v1.0\;C:\WINDOWS\System32\OpenSSH\;C:\Program Files\MongoDB\Server\8.0\bin;C:\ProgramData\chocolatey\bin;C:\Program Files\Vagrant\bin;C:\Program Files\Git\cmd;C:\Program Files\Git\mingw64\bin;C:\Program Files\Git\usr\bin;C:\ProgramData\chocolatey\lib\maven\apache-maven-3.9.9\bin;C:\Program Files\Amazon\AWSCLIV2\;C:\Program Files\Microsoft VS Code\bin;C:\Program Files\Docker\Docker\resources\bin;C:\Users\aadit\AppData\Local\Microsoft\WindowsApps;;C:\Program Files\JetBrains\PyCharm Community Edition 2024.1.4\bin;;C:\Program Files\mongosh\;C:\Program Files\Oracle\VirtualBox
USERNAME=aadit
OS=Windows_NT
PROCESSOR_IDENTIFIER=AMD64 Family 25 Model 116 Stepping 1, AuthenticAMD



---------------  S Y S T E M  ---------------

OS:
 Windows 11 , 64 bit Build 26100 (10.0.26100.3912)
OS uptime: 0 days 6:40 hours
Hyper-V role detected

CPU: total 16 (initial active 16) (16 cores per cpu, 2 threads per core) family 25 model 116 stepping 1 microcode 0x0, cx8, cmov, fxsr, ht, mmx, 3dnowpref, sse, sse2, sse3, ssse3, sse4a, sse4.1, sse4.2, popcnt, lzcnt, tsc, tscinvbit, avx, avx2, aes, erms, clmul, bmi1, bmi2, adx, avx512f, avx512dq, avx512cd, avx512bw, avx512vl, sha, fma, vzeroupper, avx512_vpopcntdq, avx512_vpclmulqdq, avx512_vaes, avx512_vnni, clflush, clflushopt, avx512_vbmi2, avx512_vbmi, hv

Memory: 4k page, system-wide physical 15654M (2236M free)
TotalPageFile size 20098M (AvailPageFile size 5M)
current process WorkingSet (physical memory assigned to process): 93M, peak: 94M
current process commit charge ("private bytes"): 385M, peak: 387M

vm_info: Java HotSpot(TM) 64-Bit Server VM (17.0.10+11-LTS-240) for windows-amd64 JRE (17.0.10+11-LTS-240), built on Dec 19 2023 21:47:25 by "mach5one" with MS VC++ 17.1 (VS2022)

END.
