#
# There is insufficient memory for the Java Runtime Environment to continue.
# Native memory allocation (mmap) failed to map 65536 bytes for Failed to commit metaspace.
# Possible reasons:
#   The system is out of physical RAM or swap space
#   The process is running with CompressedOops enabled, and the Java Heap may be blocking the growth of the native heap
# Possible solutions:
#   Reduce memory load on the system
#   Increase physical memory or swap space
#   Check if swap backing store is full
#   Decrease Java heap size (-Xmx/-Xms)
#   Decrease number of Java threads
#   Decrease Java thread stack sizes (-Xss)
#   Set larger code cache with -XX:ReservedCodeCacheSize=
#   JVM is running with Zero Based Compressed Oops mode in which the Java heap is
#     placed in the first 32GB address space. The Java Heap base address is the
#     maximum limit for the native heap growth. Please use -XX:HeapBaseMinAddress
#     to set the Java Heap base and to place the Java Heap above 32GB virtual address.
# This output file may be truncated or incomplete.
#
#  Out of Memory Error (virtualSpaceNode.cpp:110), pid=23076, tid=25212
#
# JRE version: Java(TM) SE Runtime Environment (17.0.10+11) (build 17.0.10+11-LTS-240)
# Java VM: Java HotSpot(TM) 64-Bit Server VM (17.0.10+11-LTS-240, mixed mode, sharing, tiered, compressed oops, compressed class ptrs, g1 gc, windows-amd64)
# No core dump will be written. Minidumps are not enabled by default on client versions of Windows
#

---------------  S U M M A R Y ------------

Command Line: -javaagent:C:\Program Files\JetBrains\IntelliJ IDEA Community Edition 2023.3.2\lib\idea_rt.jar=53093:C:\Program Files\JetBrains\IntelliJ IDEA Community Edition 2023.3.2\bin -Dfile.encoding=UTF-8 chatting.application.Server

Host: AMD Ryzen 7 7840HS w/ Radeon 780M Graphics     , 16 cores, 15G,  Windows 11 , 64 bit Build 26100 (10.0.26100.3912)
Time: Thu May 15 18:05:28 2025 India Standard Time elapsed time: 0.231422 seconds (0d 0h 0m 0s)

---------------  T H R E A D  ---------------

Current thread (0x00000187a6ad0df0):  JavaThread "main" [_thread_in_vm, id=25212, stack(0x00000066f7900000,0x00000066f7a00000)]

Stack: [0x00000066f7900000,0x00000066f7a00000]
Native frames: (J=compiled Java code, j=interpreted, Vv=VM code, C=native code)
V  [jvm.dll+0x677a5a]
V  [jvm.dll+0x7d8b2d]
V  [jvm.dll+0x7da48e]
V  [jvm.dll+0x7daaf3]
V  [jvm.dll+0x2455ff]
V  [jvm.dll+0x7d483b]
V  [jvm.dll+0x61dc06]
V  [jvm.dll+0x61dc6a]
V  [jvm.dll+0x62049d]
V  [jvm.dll+0x61e5c6]
V  [jvm.dll+0x23b031]
V  [jvm.dll+0x1e9d67]
V  [jvm.dll+0x1dfa01]
V  [jvm.dll+0x53d58c]
V  [jvm.dll+0x1f031a]
V  [jvm.dll+0x75284d]
V  [jvm.dll+0x753c46]
V  [jvm.dll+0x753f78]
V  [jvm.dll+0x23d99b]
V  [jvm.dll+0x23dbef]
V  [jvm.dll+0x55b998]
V  [jvm.dll+0x55e867]
V  [jvm.dll+0x3815ee]
V  [jvm.dll+0x380c5f]
C  0x00000187b58da60c

Java frames: (J=compiled Java code, j=interpreted, Vv=VM code)
j  java.util.Arrays.sort([Ljava/lang/Object;)V+20 java.base@17.0.10
j  sun.awt.windows.WDesktopProperties.getKeyNames()[Ljava/lang/String;+43 java.desktop@17.0.10
j  sun.awt.windows.WDesktopProperties.getProperties()Ljava/util/Map;+38 java.desktop@17.0.10
j  sun.awt.windows.WToolkit.lazilyInitWProps()V+24 java.desktop@17.0.10
j  sun.awt.windows.WToolkit.lazilyLoadDesktopProperty(Ljava/lang/String;)Ljava/lang/Object;+101 java.desktop@17.0.10
j  java.awt.Toolkit.getDesktopProperty(Ljava/lang/String;)Ljava/lang/Object;+70 java.desktop@17.0.10
j  javax.swing.UIManager.<clinit>()V+112 java.desktop@17.0.10
v  ~StubRoutines::call_stub
j  javax.swing.JPanel.updateUI()V+2 java.desktop@17.0.10
j  javax.swing.JPanel.<init>(Ljava/awt/LayoutManager;Z)V+24 java.desktop@17.0.10
j  javax.swing.JPanel.<init>(Z)V+9 java.desktop@17.0.10
j  javax.swing.JPanel.<init>()V+2 java.desktop@17.0.10
j  javax.swing.JRootPane.createGlassPane()Ljava/awt/Component;+4 java.desktop@17.0.10
j  javax.swing.JRootPane.<init>()V+11 java.desktop@17.0.10
j  javax.swing.JFrame.createRootPane()Ljavax/swing/JRootPane;+4 java.desktop@17.0.10
j  javax.swing.JFrame.frameInit()V+16 java.desktop@17.0.10
j  javax.swing.JFrame.<init>()V+20 java.desktop@17.0.10
j  chatting.application.Server.<init>()V+1
j  chatting.application.Server.main([Ljava/lang/String;)V+4
v  ~StubRoutines::call_stub

---------------  P R O C E S S  ---------------

Threads class SMR info:
_java_thread_list=0x000001881002d5c0, length=20, elements={
0x00000187a6ad0df0, 0x00000187ca582e20, 0x00000187ca5847f0, 0x00000187ca5b8dd0,
0x00000187ca5b9790, 0x00000187ca5ba150, 0x00000187ca5bab10, 0x00000187ca5bf8c0,
0x00000187ca5c3870, 0x00000187ca5ce290, 0x00000187ca6dd640, 0x00000187ca6e1f50,
0x00000187ca6f2aa0, 0x00000187ca6f2fd0, 0x00000187ca755710, 0x00000187ca7a1b80,
0x00000187ca7a2460, 0x0000018810036240, 0x0000018810039930, 0x0000018810077da0
}

Java Threads: ( => current thread )
=>0x00000187a6ad0df0 JavaThread "main" [_thread_in_vm, id=25212, stack(0x00000066f7900000,0x00000066f7a00000)]
  0x00000187ca582e20 JavaThread "Reference Handler" daemon [_thread_blocked, id=2816, stack(0x00000066f8000000,0x00000066f8100000)]
  0x00000187ca5847f0 JavaThread "Finalizer" daemon [_thread_blocked, id=10044, stack(0x00000066f8100000,0x00000066f8200000)]
  0x00000187ca5b8dd0 JavaThread "Signal Dispatcher" daemon [_thread_blocked, id=18392, stack(0x00000066f8200000,0x00000066f8300000)]
  0x00000187ca5b9790 JavaThread "Attach Listener" daemon [_thread_blocked, id=21216, stack(0x00000066f8300000,0x00000066f8400000)]
  0x00000187ca5ba150 JavaThread "Service Thread" daemon [_thread_blocked, id=2412, stack(0x00000066f8400000,0x00000066f8500000)]
  0x00000187ca5bab10 JavaThread "Monitor Deflation Thread" daemon [_thread_blocked, id=27540, stack(0x00000066f8500000,0x00000066f8600000)]
  0x00000187ca5bf8c0 JavaThread "C2 CompilerThread0" daemon [_thread_blocked, id=23132, stack(0x00000066f8600000,0x00000066f8700000)]
  0x00000187ca5c3870 JavaThread "C1 CompilerThread0" daemon [_thread_blocked, id=25388, stack(0x00000066f8700000,0x00000066f8800000)]
  0x00000187ca5ce290 JavaThread "Sweeper thread" daemon [_thread_blocked, id=23976, stack(0x00000066f8800000,0x00000066f8900000)]
  0x00000187ca6dd640 JavaThread "Common-Cleaner" daemon [_thread_blocked, id=804, stack(0x00000066f8900000,0x00000066f8a00000)]
  0x00000187ca6e1f50 JavaThread "C1 CompilerThread1" daemon [_thread_blocked, id=26672, stack(0x00000066f8a00000,0x00000066f8b00000)]
  0x00000187ca6f2aa0 JavaThread "C1 CompilerThread2" daemon [_thread_blocked, id=28248, stack(0x00000066f8b00000,0x00000066f8c00000)]
  0x00000187ca6f2fd0 JavaThread "C1 CompilerThread3" daemon [_thread_blocked, id=12140, stack(0x00000066f8c00000,0x00000066f8d00000)]
  0x00000187ca755710 JavaThread "C2 CompilerThread1" daemon [_thread_blocked, id=26112, stack(0x00000066f8d00000,0x00000066f8e00000)]
  0x00000187ca7a1b80 JavaThread "Monitor Ctrl-Break" daemon [_thread_in_native, id=26332, stack(0x00000066f8e00000,0x00000066f8f00000)]
  0x00000187ca7a2460 JavaThread "Notification Thread" daemon [_thread_blocked, id=9712, stack(0x00000066f8f00000,0x00000066f9000000)]
  0x0000018810036240 JavaThread "Java2D Disposer" daemon [_thread_blocked, id=9044, stack(0x00000066f9100000,0x00000066f9200000)]
  0x0000018810039930 JavaThread "AWT-Shutdown" [_thread_blocked, id=4348, stack(0x00000066f9200000,0x00000066f9300000)]
  0x0000018810077da0 JavaThread "AWT-Windows" daemon [_thread_in_native, id=23104, stack(0x00000066f9300000,0x00000066f9400000)]

Other Threads:
  0x00000187ca57d470 VMThread "VM Thread" [stack: 0x00000066f7f00000,0x00000066f8000000] [id=21196]
  0x00000187a6b84920 WatcherThread [stack: 0x00000066f9000000,0x00000066f9100000] [id=26040]
  0x00000187a6b397e0 GCTaskThread "GC Thread#0" [stack: 0x00000066f7a00000,0x00000066f7b00000] [id=19356]
  0x00000187a6b4b7a0 ConcurrentGCThread "G1 Main Marker" [stack: 0x00000066f7b00000,0x00000066f7c00000] [id=13684]
  0x00000187a6b4d520 ConcurrentGCThread "G1 Conc#0" [stack: 0x00000066f7c00000,0x00000066f7d00000] [id=10068]
  0x00000187a6b9e080 ConcurrentGCThread "G1 Refine#0" [stack: 0x00000066f7d00000,0x00000066f7e00000] [id=27604]
  0x00000187a6b9e9b0 ConcurrentGCThread "G1 Service" [stack: 0x00000066f7e00000,0x00000066f7f00000] [id=21000]

Threads with active compile tasks:

VM state: not at safepoint (normal execution)

VM Mutex/Monitor currently owned by a thread:  ([mutex/lock_event])
[0x00000187a6abf860] Metaspace_lock - owner thread: 0x00000187a6ad0df0

Heap address: 0x000000070b600000, size: 3914 MB, Compressed Oops mode: Zero based, Oop shift amount: 3

CDS archive(s) mapped at: [0x00000187cb000000-0x00000187cbbd0000-0x00000187cbbd0000), size 12386304, SharedBaseAddress: 0x00000187cb000000, ArchiveRelocationMode: 1.
Compressed class space mapped at: 0x00000187cc000000-0x000001880c000000, reserved size: 1073741824
Narrow klass base: 0x00000187cb000000, Narrow klass shift: 0, Narrow klass range: 0x100000000

GC Precious Log:
 CPUs: 16 total, 16 available
 Memory: 15654M
 Large Page Support: Disabled
 NUMA Support: Disabled
 Compressed Oops: Enabled (Zero based)
 Heap Region Size: 2M
 Heap Min Capacity: 8M
 Heap Initial Capacity: 246M
 Heap Max Capacity: 3914M
 Pre-touch: Disabled
 Parallel Workers: 13
 Concurrent Workers: 3
 Concurrent Refinement Workers: 13
 Periodic GC: Disabled

Heap:
 garbage-first heap   total 251904K, used 4096K [0x000000070b600000, 0x0000000800000000)
  region size 2048K, 3 young (6144K), 0 survivors (0K)
 Metaspace       used 3550K, committed 3712K, reserved 1114112K
  class space    used 344K, committed 448K, reserved 1048576K

Heap Regions: E=young(eden), S=young(survivor), O=old, HS=humongous(starts), HC=humongous(continues), CS=collection set, F=free, OA=open archive, CA=closed archive, TAMS=top-at-mark-start (previous, next)
|   0|0x000000070b600000, 0x000000070b600000, 0x000000070b800000|  0%| F|  |TAMS 0x000000070b600000, 0x000000070b600000| Untracked 
|   1|0x000000070b800000, 0x000000070b800000, 0x000000070ba00000|  0%| F|  |TAMS 0x000000070b800000, 0x000000070b800000| Untracked 
|   2|0x000000070ba00000, 0x000000070ba00000, 0x000000070bc00000|  0%| F|  |TAMS 0x000000070ba00000, 0x000000070ba00000| Untracked 
|   3|0x000000070bc00000, 0x000000070bc00000, 0x000000070be00000|  0%| F|  |TAMS 0x000000070bc00000, 0x000000070bc00000| Untracked 
|   4|0x000000070be00000, 0x000000070be00000, 0x000000070c000000|  0%| F|  |TAMS 0x000000070be00000, 0x000000070be00000| Untracked 
|   5|0x000000070c000000, 0x000000070c000000, 0x000000070c200000|  0%| F|  |TAMS 0x000000070c000000, 0x000000070c000000| Untracked 
|   6|0x000000070c200000, 0x000000070c200000, 0x000000070c400000|  0%| F|  |TAMS 0x000000070c200000, 0x000000070c200000| Untracked 
|   7|0x000000070c400000, 0x000000070c400000, 0x000000070c600000|  0%| F|  |TAMS 0x000000070c400000, 0x000000070c400000| Untracked 
|   8|0x000000070c600000, 0x000000070c600000, 0x000000070c800000|  0%| F|  |TAMS 0x000000070c600000, 0x000000070c600000| Untracked 
|   9|0x000000070c800000, 0x000000070c800000, 0x000000070ca00000|  0%| F|  |TAMS 0x000000070c800000, 0x000000070c800000| Untracked 
|  10|0x000000070ca00000, 0x000000070ca00000, 0x000000070cc00000|  0%| F|  |TAMS 0x000000070ca00000, 0x000000070ca00000| Untracked 
|  11|0x000000070cc00000, 0x000000070cc00000, 0x000000070ce00000|  0%| F|  |TAMS 0x000000070cc00000, 0x000000070cc00000| Untracked 
|  12|0x000000070ce00000, 0x000000070ce00000, 0x000000070d000000|  0%| F|  |TAMS 0x000000070ce00000, 0x000000070ce00000| Untracked 
|  13|0x000000070d000000, 0x000000070d000000, 0x000000070d200000|  0%| F|  |TAMS 0x000000070d000000, 0x000000070d000000| Untracked 
|  14|0x000000070d200000, 0x000000070d200000, 0x000000070d400000|  0%| F|  |TAMS 0x000000070d200000, 0x000000070d200000| Untracked 
|  15|0x000000070d400000, 0x000000070d400000, 0x000000070d600000|  0%| F|  |TAMS 0x000000070d400000, 0x000000070d400000| Untracked 
|  16|0x000000070d600000, 0x000000070d600000, 0x000000070d800000|  0%| F|  |TAMS 0x000000070d600000, 0x000000070d600000| Untracked 
|  17|0x000000070d800000, 0x000000070d800000, 0x000000070da00000|  0%| F|  |TAMS 0x000000070d800000, 0x000000070d800000| Untracked 
|  18|0x000000070da00000, 0x000000070da00000, 0x000000070dc00000|  0%| F|  |TAMS 0x000000070da00000, 0x000000070da00000| Untracked 
|  19|0x000000070dc00000, 0x000000070dc00000, 0x000000070de00000|  0%| F|  |TAMS 0x000000070dc00000, 0x000000070dc00000| Untracked 
|  20|0x000000070de00000, 0x000000070de00000, 0x000000070e000000|  0%| F|  |TAMS 0x000000070de00000, 0x000000070de00000| Untracked 
|  21|0x000000070e000000, 0x000000070e000000, 0x000000070e200000|  0%| F|  |TAMS 0x000000070e000000, 0x000000070e000000| Untracked 
|  22|0x000000070e200000, 0x000000070e200000, 0x000000070e400000|  0%| F|  |TAMS 0x000000070e200000, 0x000000070e200000| Untracked 
|  23|0x000000070e400000, 0x000000070e400000, 0x000000070e600000|  0%| F|  |TAMS 0x000000070e400000, 0x000000070e400000| Untracked 
|  24|0x000000070e600000, 0x000000070e600000, 0x000000070e800000|  0%| F|  |TAMS 0x000000070e600000, 0x000000070e600000| Untracked 
|  25|0x000000070e800000, 0x000000070e800000, 0x000000070ea00000|  0%| F|  |TAMS 0x000000070e800000, 0x000000070e800000| Untracked 
|  26|0x000000070ea00000, 0x000000070ea00000, 0x000000070ec00000|  0%| F|  |TAMS 0x000000070ea00000, 0x000000070ea00000| Untracked 
|  27|0x000000070ec00000, 0x000000070ec00000, 0x000000070ee00000|  0%| F|  |TAMS 0x000000070ec00000, 0x000000070ec00000| Untracked 
|  28|0x000000070ee00000, 0x000000070ee00000, 0x000000070f000000|  0%| F|  |TAMS 0x000000070ee00000, 0x000000070ee00000| Untracked 
|  29|0x000000070f000000, 0x000000070f000000, 0x000000070f200000|  0%| F|  |TAMS 0x000000070f000000, 0x000000070f000000| Untracked 
|  30|0x000000070f200000, 0x000000070f200000, 0x000000070f400000|  0%| F|  |TAMS 0x000000070f200000, 0x000000070f200000| Untracked 
|  31|0x000000070f400000, 0x000000070f400000, 0x000000070f600000|  0%| F|  |TAMS 0x000000070f400000, 0x000000070f400000| Untracked 
|  32|0x000000070f600000, 0x000000070f600000, 0x000000070f800000|  0%| F|  |TAMS 0x000000070f600000, 0x000000070f600000| Untracked 
|  33|0x000000070f800000, 0x000000070f800000, 0x000000070fa00000|  0%| F|  |TAMS 0x000000070f800000, 0x000000070f800000| Untracked 
|  34|0x000000070fa00000, 0x000000070fa00000, 0x000000070fc00000|  0%| F|  |TAMS 0x000000070fa00000, 0x000000070fa00000| Untracked 
|  35|0x000000070fc00000, 0x000000070fc00000, 0x000000070fe00000|  0%| F|  |TAMS 0x000000070fc00000, 0x000000070fc00000| Untracked 
|  36|0x000000070fe00000, 0x000000070fe00000, 0x0000000710000000|  0%| F|  |TAMS 0x000000070fe00000, 0x000000070fe00000| Untracked 
|  37|0x0000000710000000, 0x0000000710000000, 0x0000000710200000|  0%| F|  |TAMS 0x0000000710000000, 0x0000000710000000| Untracked 
|  38|0x0000000710200000, 0x0000000710200000, 0x0000000710400000|  0%| F|  |TAMS 0x0000000710200000, 0x0000000710200000| Untracked 
|  39|0x0000000710400000, 0x0000000710400000, 0x0000000710600000|  0%| F|  |TAMS 0x0000000710400000, 0x0000000710400000| Untracked 
|  40|0x0000000710600000, 0x0000000710600000, 0x0000000710800000|  0%| F|  |TAMS 0x0000000710600000, 0x0000000710600000| Untracked 
|  41|0x0000000710800000, 0x0000000710800000, 0x0000000710a00000|  0%| F|  |TAMS 0x0000000710800000, 0x0000000710800000| Untracked 
|  42|0x0000000710a00000, 0x0000000710a00000, 0x0000000710c00000|  0%| F|  |TAMS 0x0000000710a00000, 0x0000000710a00000| Untracked 
|  43|0x0000000710c00000, 0x0000000710c00000, 0x0000000710e00000|  0%| F|  |TAMS 0x0000000710c00000, 0x0000000710c00000| Untracked 
|  44|0x0000000710e00000, 0x0000000710e00000, 0x0000000711000000|  0%| F|  |TAMS 0x0000000710e00000, 0x0000000710e00000| Untracked 
|  45|0x0000000711000000, 0x0000000711000000, 0x0000000711200000|  0%| F|  |TAMS 0x0000000711000000, 0x0000000711000000| Untracked 
|  46|0x0000000711200000, 0x0000000711200000, 0x0000000711400000|  0%| F|  |TAMS 0x0000000711200000, 0x0000000711200000| Untracked 
|  47|0x0000000711400000, 0x0000000711400000, 0x0000000711600000|  0%| F|  |TAMS 0x0000000711400000, 0x0000000711400000| Untracked 
|  48|0x0000000711600000, 0x0000000711600000, 0x0000000711800000|  0%| F|  |TAMS 0x0000000711600000, 0x0000000711600000| Untracked 
|  49|0x0000000711800000, 0x0000000711800000, 0x0000000711a00000|  0%| F|  |TAMS 0x0000000711800000, 0x0000000711800000| Untracked 
|  50|0x0000000711a00000, 0x0000000711a00000, 0x0000000711c00000|  0%| F|  |TAMS 0x0000000711a00000, 0x0000000711a00000| Untracked 
|  51|0x0000000711c00000, 0x0000000711c00000, 0x0000000711e00000|  0%| F|  |TAMS 0x0000000711c00000, 0x0000000711c00000| Untracked 
|  52|0x0000000711e00000, 0x0000000711e00000, 0x0000000712000000|  0%| F|  |TAMS 0x0000000711e00000, 0x0000000711e00000| Untracked 
|  53|0x0000000712000000, 0x0000000712000000, 0x0000000712200000|  0%| F|  |TAMS 0x0000000712000000, 0x0000000712000000| Untracked 
|  54|0x0000000712200000, 0x0000000712200000, 0x0000000712400000|  0%| F|  |TAMS 0x0000000712200000, 0x0000000712200000| Untracked 
|  55|0x0000000712400000, 0x0000000712400000, 0x0000000712600000|  0%| F|  |TAMS 0x0000000712400000, 0x0000000712400000| Untracked 
|  56|0x0000000712600000, 0x0000000712600000, 0x0000000712800000|  0%| F|  |TAMS 0x0000000712600000, 0x0000000712600000| Untracked 
|  57|0x0000000712800000, 0x0000000712800000, 0x0000000712a00000|  0%| F|  |TAMS 0x0000000712800000, 0x0000000712800000| Untracked 
|  58|0x0000000712a00000, 0x0000000712a00000, 0x0000000712c00000|  0%| F|  |TAMS 0x0000000712a00000, 0x0000000712a00000| Untracked 
|  59|0x0000000712c00000, 0x0000000712c00000, 0x0000000712e00000|  0%| F|  |TAMS 0x0000000712c00000, 0x0000000712c00000| Untracked 
|  60|0x0000000712e00000, 0x0000000712e00000, 0x0000000713000000|  0%| F|  |TAMS 0x0000000712e00000, 0x0000000712e00000| Untracked 
|  61|0x0000000713000000, 0x0000000713000000, 0x0000000713200000|  0%| F|  |TAMS 0x0000000713000000, 0x0000000713000000| Untracked 
|  62|0x0000000713200000, 0x0000000713200000, 0x0000000713400000|  0%| F|  |TAMS 0x0000000713200000, 0x0000000713200000| Untracked 
|  63|0x0000000713400000, 0x0000000713400000, 0x0000000713600000|  0%| F|  |TAMS 0x0000000713400000, 0x0000000713400000| Untracked 
|  64|0x0000000713600000, 0x0000000713600000, 0x0000000713800000|  0%| F|  |TAMS 0x0000000713600000, 0x0000000713600000| Untracked 
|  65|0x0000000713800000, 0x0000000713800000, 0x0000000713a00000|  0%| F|  |TAMS 0x0000000713800000, 0x0000000713800000| Untracked 
|  66|0x0000000713a00000, 0x0000000713a00000, 0x0000000713c00000|  0%| F|  |TAMS 0x0000000713a00000, 0x0000000713a00000| Untracked 
|  67|0x0000000713c00000, 0x0000000713c00000, 0x0000000713e00000|  0%| F|  |TAMS 0x0000000713c00000, 0x0000000713c00000| Untracked 
|  68|0x0000000713e00000, 0x0000000713e00000, 0x0000000714000000|  0%| F|  |TAMS 0x0000000713e00000, 0x0000000713e00000| Untracked 
|  69|0x0000000714000000, 0x0000000714000000, 0x0000000714200000|  0%| F|  |TAMS 0x0000000714000000, 0x0000000714000000| Untracked 
|  70|0x0000000714200000, 0x0000000714200000, 0x0000000714400000|  0%| F|  |TAMS 0x0000000714200000, 0x0000000714200000| Untracked 
|  71|0x0000000714400000, 0x0000000714400000, 0x0000000714600000|  0%| F|  |TAMS 0x0000000714400000, 0x0000000714400000| Untracked 
|  72|0x0000000714600000, 0x0000000714600000, 0x0000000714800000|  0%| F|  |TAMS 0x0000000714600000, 0x0000000714600000| Untracked 
|  73|0x0000000714800000, 0x0000000714800000, 0x0000000714a00000|  0%| F|  |TAMS 0x0000000714800000, 0x0000000714800000| Untracked 
|  74|0x0000000714a00000, 0x0000000714a00000, 0x0000000714c00000|  0%| F|  |TAMS 0x0000000714a00000, 0x0000000714a00000| Untracked 
|  75|0x0000000714c00000, 0x0000000714c00000, 0x0000000714e00000|  0%| F|  |TAMS 0x0000000714c00000, 0x0000000714c00000| Untracked 
|  76|0x0000000714e00000, 0x0000000714e00000, 0x0000000715000000|  0%| F|  |TAMS 0x0000000714e00000, 0x0000000714e00000| Untracked 
|  77|0x0000000715000000, 0x0000000715000000, 0x0000000715200000|  0%| F|  |TAMS 0x0000000715000000, 0x0000000715000000| Untracked 
|  78|0x0000000715200000, 0x0000000715200000, 0x0000000715400000|  0%| F|  |TAMS 0x0000000715200000, 0x0000000715200000| Untracked 
|  79|0x0000000715400000, 0x0000000715400000, 0x0000000715600000|  0%| F|  |TAMS 0x0000000715400000, 0x0000000715400000| Untracked 
|  80|0x0000000715600000, 0x0000000715600000, 0x0000000715800000|  0%| F|  |TAMS 0x0000000715600000, 0x0000000715600000| Untracked 
|  81|0x0000000715800000, 0x0000000715800000, 0x0000000715a00000|  0%| F|  |TAMS 0x0000000715800000, 0x0000000715800000| Untracked 
|  82|0x0000000715a00000, 0x0000000715a00000, 0x0000000715c00000|  0%| F|  |TAMS 0x0000000715a00000, 0x0000000715a00000| Untracked 
|  83|0x0000000715c00000, 0x0000000715c00000, 0x0000000715e00000|  0%| F|  |TAMS 0x0000000715c00000, 0x0000000715c00000| Untracked 
|  84|0x0000000715e00000, 0x0000000715e00000, 0x0000000716000000|  0%| F|  |TAMS 0x0000000715e00000, 0x0000000715e00000| Untracked 
|  85|0x0000000716000000, 0x0000000716000000, 0x0000000716200000|  0%| F|  |TAMS 0x0000000716000000, 0x0000000716000000| Untracked 
|  86|0x0000000716200000, 0x0000000716200000, 0x0000000716400000|  0%| F|  |TAMS 0x0000000716200000, 0x0000000716200000| Untracked 
|  87|0x0000000716400000, 0x0000000716400000, 0x0000000716600000|  0%| F|  |TAMS 0x0000000716400000, 0x0000000716400000| Untracked 
|  88|0x0000000716600000, 0x0000000716600000, 0x0000000716800000|  0%| F|  |TAMS 0x0000000716600000, 0x0000000716600000| Untracked 
|  89|0x0000000716800000, 0x0000000716800000, 0x0000000716a00000|  0%| F|  |TAMS 0x0000000716800000, 0x0000000716800000| Untracked 
|  90|0x0000000716a00000, 0x0000000716a00000, 0x0000000716c00000|  0%| F|  |TAMS 0x0000000716a00000, 0x0000000716a00000| Untracked 
|  91|0x0000000716c00000, 0x0000000716c00000, 0x0000000716e00000|  0%| F|  |TAMS 0x0000000716c00000, 0x0000000716c00000| Untracked 
|  92|0x0000000716e00000, 0x0000000716e00000, 0x0000000717000000|  0%| F|  |TAMS 0x0000000716e00000, 0x0000000716e00000| Untracked 
|  93|0x0000000717000000, 0x0000000717000000, 0x0000000717200000|  0%| F|  |TAMS 0x0000000717000000, 0x0000000717000000| Untracked 
|  94|0x0000000717200000, 0x0000000717200000, 0x0000000717400000|  0%| F|  |TAMS 0x0000000717200000, 0x0000000717200000| Untracked 
|  95|0x0000000717400000, 0x0000000717400000, 0x0000000717600000|  0%| F|  |TAMS 0x0000000717400000, 0x0000000717400000| Untracked 
|  96|0x0000000717600000, 0x0000000717600000, 0x0000000717800000|  0%| F|  |TAMS 0x0000000717600000, 0x0000000717600000| Untracked 
|  97|0x0000000717800000, 0x0000000717800000, 0x0000000717a00000|  0%| F|  |TAMS 0x0000000717800000, 0x0000000717800000| Untracked 
|  98|0x0000000717a00000, 0x0000000717a00000, 0x0000000717c00000|  0%| F|  |TAMS 0x0000000717a00000, 0x0000000717a00000| Untracked 
|  99|0x0000000717c00000, 0x0000000717c00000, 0x0000000717e00000|  0%| F|  |TAMS 0x0000000717c00000, 0x0000000717c00000| Untracked 
| 100|0x0000000717e00000, 0x0000000717e00000, 0x0000000718000000|  0%| F|  |TAMS 0x0000000717e00000, 0x0000000717e00000| Untracked 
| 101|0x0000000718000000, 0x0000000718000000, 0x0000000718200000|  0%| F|  |TAMS 0x0000000718000000, 0x0000000718000000| Untracked 
| 102|0x0000000718200000, 0x0000000718200000, 0x0000000718400000|  0%| F|  |TAMS 0x0000000718200000, 0x0000000718200000| Untracked 
| 103|0x0000000718400000, 0x0000000718400000, 0x0000000718600000|  0%| F|  |TAMS 0x0000000718400000, 0x0000000718400000| Untracked 
| 104|0x0000000718600000, 0x0000000718600000, 0x0000000718800000|  0%| F|  |TAMS 0x0000000718600000, 0x0000000718600000| Untracked 
| 105|0x0000000718800000, 0x0000000718800000, 0x0000000718a00000|  0%| F|  |TAMS 0x0000000718800000, 0x0000000718800000| Untracked 
| 106|0x0000000718a00000, 0x0000000718a00000, 0x0000000718c00000|  0%| F|  |TAMS 0x0000000718a00000, 0x0000000718a00000| Untracked 
| 107|0x0000000718c00000, 0x0000000718c00000, 0x0000000718e00000|  0%| F|  |TAMS 0x0000000718c00000, 0x0000000718c00000| Untracked 
| 108|0x0000000718e00000, 0x0000000718e00000, 0x0000000719000000|  0%| F|  |TAMS 0x0000000718e00000, 0x0000000718e00000| Untracked 
| 109|0x0000000719000000, 0x0000000719000000, 0x0000000719200000|  0%| F|  |TAMS 0x0000000719000000, 0x0000000719000000| Untracked 
| 110|0x0000000719200000, 0x0000000719200000, 0x0000000719400000|  0%| F|  |TAMS 0x0000000719200000, 0x0000000719200000| Untracked 
| 111|0x0000000719400000, 0x0000000719400000, 0x0000000719600000|  0%| F|  |TAMS 0x0000000719400000, 0x0000000719400000| Untracked 
| 112|0x0000000719600000, 0x0000000719600000, 0x0000000719800000|  0%| F|  |TAMS 0x0000000719600000, 0x0000000719600000| Untracked 
| 113|0x0000000719800000, 0x0000000719800000, 0x0000000719a00000|  0%| F|  |TAMS 0x0000000719800000, 0x0000000719800000| Untracked 
| 114|0x0000000719a00000, 0x0000000719a00000, 0x0000000719c00000|  0%| F|  |TAMS 0x0000000719a00000, 0x0000000719a00000| Untracked 
| 115|0x0000000719c00000, 0x0000000719c00000, 0x0000000719e00000|  0%| F|  |TAMS 0x0000000719c00000, 0x0000000719c00000| Untracked 
| 116|0x0000000719e00000, 0x0000000719e00000, 0x000000071a000000|  0%| F|  |TAMS 0x0000000719e00000, 0x0000000719e00000| Untracked 
| 117|0x000000071a000000, 0x000000071a000000, 0x000000071a200000|  0%| F|  |TAMS 0x000000071a000000, 0x000000071a000000| Untracked 
| 118|0x000000071a200000, 0x000000071a200000, 0x000000071a400000|  0%| F|  |TAMS 0x000000071a200000, 0x000000071a200000| Untracked 
| 119|0x000000071a400000, 0x000000071a400000, 0x000000071a600000|  0%| F|  |TAMS 0x000000071a400000, 0x000000071a400000| Untracked 
| 120|0x000000071a600000, 0x000000071a752700, 0x000000071a800000| 66%| E|  |TAMS 0x000000071a600000, 0x000000071a600000| Complete 
| 121|0x000000071a800000, 0x000000071aa00000, 0x000000071aa00000|100%| E|CS|TAMS 0x000000071a800000, 0x000000071a800000| Complete 
| 122|0x000000071aa00000, 0x000000071ac00000, 0x000000071ac00000|100%| E|CS|TAMS 0x000000071aa00000, 0x000000071aa00000| Complete 

Card table byte_map: [0x00000187bebd0000,0x00000187bf380000] _byte_map_base: 0x00000187bb375000

Marking Bits (Prev, Next): (CMBitMap*) 0x00000187a6b3ad10, (CMBitMap*) 0x00000187a6b3ad50
 Prev Bits: [0x00000187bfb30000, 0x00000187c3858000)
 Next Bits: [0x00000187c3860000, 0x00000187c7588000)

Polling page: 0x00000187a5200000

Metaspace:

Usage:
  Non-class:      3.13 MB used.
      Class:    344.63 KB used.
       Both:      3.47 MB used.

Virtual space:
  Non-class space:       64.00 MB reserved,       3.19 MB (  5%) committed,  1 nodes.
      Class space:        1.00 GB reserved,     448.00 KB ( <1%) committed,  1 nodes.
             Both:        1.06 GB reserved,       3.62 MB ( <1%) committed. 

Chunk freelists:
   Non-Class:  11.91 MB
       Class:  15.58 MB
        Both:  27.49 MB

MaxMetaspaceSize: unlimited
CompressedClassSpaceSize: 1.00 GB
Initial GC threshold: 21.00 MB
Current GC threshold: 21.00 MB
CDS: on
MetaspaceReclaimPolicy: balanced
 - commit_granule_bytes: 65536.
 - commit_granule_words: 8192.
 - virtual_space_node_default_size: 8388608.
 - enlarge_chunks_in_place: 1.
 - new_chunks_are_fully_committed: 0.
 - uncommit_free_chunks: 1.
 - use_allocation_guard: 0.
 - handle_deallocations: 1.


Internal statistics:

num_allocs_failed_limit: 0.
num_arena_births: 74.
num_arena_deaths: 0.
num_vsnodes_births: 2.
num_vsnodes_deaths: 0.
num_space_committed: 58.
num_space_uncommitted: 0.
num_chunks_returned_to_freelist: 0.
num_chunks_taken_from_freelist: 94.
num_chunk_merges: 0.
num_chunk_splits: 57.
num_chunks_enlarged: 23.
num_inconsistent_stats: 0.

CodeHeap 'non-profiled nmethods': size=119168Kb used=125Kb max_used=125Kb free=119042Kb
 bounds [0x00000187b6010000, 0x00000187b6280000, 0x00000187bd470000]
CodeHeap 'profiled nmethods': size=119104Kb used=577Kb max_used=577Kb free=118526Kb
 bounds [0x00000187ae470000, 0x00000187ae6e0000, 0x00000187b58c0000]
CodeHeap 'non-nmethods': size=7488Kb used=2881Kb max_used=2881Kb free=4606Kb
 bounds [0x00000187b58c0000, 0x00000187b5ba0000, 0x00000187b6010000]
 total_blobs=889 nmethods=409 adapters=390
 compilation: enabled
              stopped_count=0, restarted_count=0
 full_count=0

Compilation events (20 events):
Event: 0.222 Thread 0x00000187ca6e1f50  399       3       java.util.ArrayList$Itr::hasNext (20 bytes)
Event: 0.222 Thread 0x00000187ca6e1f50 nmethod 399 0x00000187ae4fce90 code [0x00000187ae4fd020, 0x00000187ae4fd198]
Event: 0.224 Thread 0x00000187ca6e1f50  402       3       java.lang.Enum::<init> (15 bytes)
Event: 0.224 Thread 0x00000187ca6e1f50 nmethod 402 0x00000187ae4fd290 code [0x00000187ae4fd420, 0x00000187ae4fd5f8]
Event: 0.226 Thread 0x00000187ca6f2aa0  403       3       jdk.internal.org.objectweb.asm.SymbolTable::addConstantNameAndType (137 bytes)
Event: 0.226 Thread 0x00000187ca5c3870  404       3       jdk.internal.org.objectweb.asm.SymbolTable$Entry::<init> (20 bytes)
Event: 0.226 Thread 0x00000187ca6f2fd0  405       3       jdk.internal.org.objectweb.asm.ByteVector::putByteArray (49 bytes)
Event: 0.226 Thread 0x00000187ca5c3870 nmethod 404 0x00000187ae4fd690 code [0x00000187ae4fd820, 0x00000187ae4fd968]
Event: 0.226 Thread 0x00000187ca6f2fd0 nmethod 405 0x00000187ae4fda10 code [0x00000187ae4fdbc0, 0x00000187ae4fde98]
Event: 0.226 Thread 0x00000187ca6f2aa0 nmethod 403 0x00000187ae4fdf90 code [0x00000187ae4fe1e0, 0x00000187ae4fe928]
Event: 0.228 Thread 0x00000187ca5c3870  406       3       java.lang.String::toString (2 bytes)
Event: 0.228 Thread 0x00000187ca5c3870 nmethod 406 0x00000187ae4fed90 code [0x00000187ae4fef20, 0x00000187ae4ff038]
Event: 0.230 Thread 0x00000187ca6f2fd0  407       3       java.lang.invoke.DirectMethodHandle::internalMemberName (8 bytes)
Event: 0.230 Thread 0x00000187ca6e1f50  408       3       java.lang.String::getBytes (44 bytes)
Event: 0.230 Thread 0x00000187ca6f2fd0 nmethod 407 0x00000187ae4ff110 code [0x00000187ae4ff2a0, 0x00000187ae4ff498]
Event: 0.230 Thread 0x00000187ca5c3870  409       3       java.lang.StringConcatHelper::checkOverflow (17 bytes)
Event: 0.230 Thread 0x00000187ca6f2fd0  410       3       java.lang.StringConcatHelper::prepend (37 bytes)
Event: 0.230 Thread 0x00000187ca5c3870 nmethod 409 0x00000187ae4ff590 code [0x00000187ae4ff740, 0x00000187ae4ff928]
Event: 0.230 Thread 0x00000187ca6e1f50 nmethod 408 0x00000187ae4ffa10 code [0x00000187ae4ffbe0, 0x00000187ae4ffef8]
Event: 0.230 Thread 0x00000187ca6f2fd0 nmethod 410 0x00000187ae500010 code [0x00000187ae5001e0, 0x00000187ae5004b8]

GC Heap History (0 events):
No events

Deoptimization events (0 events):
No events

Classes unloaded (0 events):
No events

Classes redefined (0 events):
No events

Internal exceptions (5 events):
Event: 0.092 Thread 0x00000187ca7a1b80 Exception <a 'java/lang/NoSuchMethodError'{0x000000071a875968}: 'java.lang.Object java.lang.invoke.DirectMethodHandle$Holder.invokeStaticInit(java.lang.Object)'> (0x000000071a875968) 
thrown [s\open\src\hotspot\share\interpreter\linkResolver.cpp, line 759]
Event: 0.098 Thread 0x00000187ca7a1b80 Exception <a 'java/lang/NoSuchMethodError'{0x000000071a883628}: 'void java.lang.invoke.DirectMethodHandle$Holder.invokeStatic(java.lang.Object, java.lang.Object)'> (0x000000071a883628) 
thrown [s\open\src\hotspot\share\interpreter\linkResolver.cpp, line 759]
Event: 0.104 Thread 0x00000187a6ad0df0 Exception <a 'java/lang/ClassNotFoundException'{0x000000071a831d48}: sun/awt/resources/spi/awtProvider> (0x000000071a831d48) 
thrown [s\open\src\hotspot\share\classfile\systemDictionary.cpp, line 256]
Event: 0.129 Thread 0x00000187a6ad0df0 Exception <a 'java/io/FileNotFoundException'{0x000000071a6140b8}> (0x000000071a6140b8) 
thrown [s\open\src\hotspot\share\prims\jni.cpp, line 516]
Event: 0.136 Thread 0x00000187a6ad0df0 Exception <a 'java/io/FileNotFoundException'{0x000000071a640fe0}> (0x000000071a640fe0) 
thrown [s\open\src\hotspot\share\prims\jni.cpp, line 516]

VM Operations (2 events):
Event: 0.091 Executing VM operation: HandshakeAllThreads
Event: 0.091 Executing VM operation: HandshakeAllThreads done

Events (20 events):
Event: 0.225 loading class java/util/concurrent/locks/ReentrantReadWriteLock$WriteLock done
Event: 0.226 loading class java/awt/Color
Event: 0.226 loading class java/awt/Paint
Event: 0.226 loading class java/awt/Paint done
Event: 0.226 loading class java/awt/Color done
Event: 0.227 loading class sun/awt/windows/WDesktopProperties$WinPlaySound
Event: 0.228 loading class sun/awt/windows/WDesktopProperties$WinPlaySound done
Event: 0.228 loading class java/awt/RenderingHints
Event: 0.229 loading class java/awt/RenderingHints done
Event: 0.229 loading class sun/awt/SunHints
Event: 0.229 loading class sun/awt/SunHints done
Event: 0.229 loading class sun/awt/SunHints$Key
Event: 0.229 loading class java/awt/RenderingHints$Key
Event: 0.229 loading class java/awt/RenderingHints$Key done
Event: 0.229 loading class sun/awt/SunHints$Key done
Event: 0.229 loading class sun/awt/SunHints$Value
Event: 0.229 loading class sun/awt/SunHints$Value done
Event: 0.230 loading class sun/awt/SunHints$LCDContrastKey
Event: 0.230 loading class sun/awt/SunHints$LCDContrastKey done
Event: 0.230 loading class java/util/ComparableTimSort


Dynamic libraries:
0x00007ff6cff30000 - 0x00007ff6cff40000 	C:\Program Files\Java\jdk-17\bin\java.exe
0x00007ffe8ed20000 - 0x00007ffe8ef86000 	C:\WINDOWS\SYSTEM32\ntdll.dll
0x00007ffe8e810000 - 0x00007ffe8e8d9000 	C:\WINDOWS\System32\KERNEL32.DLL
0x00007ffe8c190000 - 0x00007ffe8c55c000 	C:\WINDOWS\System32\KERNELBASE.dll
0x00007ffe8c560000 - 0x00007ffe8c6ab000 	C:\WINDOWS\System32\ucrtbase.dll
0x00007ffe7c440000 - 0x00007ffe7c45b000 	C:\Program Files\Java\jdk-17\bin\VCRUNTIME140.dll
0x00007ffe7c540000 - 0x00007ffe7c559000 	C:\Program Files\Java\jdk-17\bin\jli.dll
0x00007ffe8d430000 - 0x00007ffe8d4e2000 	C:\WINDOWS\System32\ADVAPI32.dll
0x00007ffe8d560000 - 0x00007ffe8d609000 	C:\WINDOWS\System32\msvcrt.dll
0x00007ffe8e210000 - 0x00007ffe8e2b6000 	C:\WINDOWS\System32\sechost.dll
0x00007ffe8d610000 - 0x00007ffe8d726000 	C:\WINDOWS\System32\RPCRT4.dll
0x00007ffe8e3d0000 - 0x00007ffe8e59a000 	C:\WINDOWS\System32\USER32.dll
0x00007ffe70890000 - 0x00007ffe70b2a000 	C:\WINDOWS\WinSxS\amd64_microsoft.windows.common-controls_6595b64144ccf1df_6.0.26100.3912_none_3e07963ce335137e\COMCTL32.dll
0x00007ffe8c030000 - 0x00007ffe8c057000 	C:\WINDOWS\System32\win32u.dll
0x00007ffe8e3a0000 - 0x00007ffe8e3cb000 	C:\WINDOWS\System32\GDI32.dll
0x00007ffe8c6b0000 - 0x00007ffe8c7e2000 	C:\WINDOWS\System32\gdi32full.dll
0x00007ffe8c970000 - 0x00007ffe8ca13000 	C:\WINDOWS\System32\msvcp_win.dll
0x00007ffe83d10000 - 0x00007ffe83d1b000 	C:\WINDOWS\SYSTEM32\VERSION.dll
0x00007ffe8e620000 - 0x00007ffe8e650000 	C:\WINDOWS\System32\IMM32.DLL
0x00007ffe84570000 - 0x00007ffe8457c000 	C:\Program Files\Java\jdk-17\bin\vcruntime140_1.dll
0x00007ffe7a590000 - 0x00007ffe7a61e000 	C:\Program Files\Java\jdk-17\bin\msvcp140.dll
0x00007ffe25270000 - 0x00007ffe25e4f000 	C:\Program Files\Java\jdk-17\bin\server\jvm.dll
0x00007ffe8d420000 - 0x00007ffe8d428000 	C:\WINDOWS\System32\PSAPI.DLL
0x00007ffe65300000 - 0x00007ffe6530a000 	C:\WINDOWS\SYSTEM32\WSOCK32.dll
0x00007ffe7f4c0000 - 0x00007ffe7f4f6000 	C:\WINDOWS\SYSTEM32\WINMM.dll
0x00007ffe8e8e0000 - 0x00007ffe8e954000 	C:\WINDOWS\System32\WS2_32.dll
0x00007ffe8ad90000 - 0x00007ffe8adaa000 	C:\WINDOWS\SYSTEM32\kernel.appcore.dll
0x00007ffe84530000 - 0x00007ffe8453a000 	C:\Program Files\Java\jdk-17\bin\jimage.dll
0x00007ffe7e760000 - 0x00007ffe7e9a1000 	C:\WINDOWS\SYSTEM32\DBGHELP.DLL
0x00007ffe8cbe0000 - 0x00007ffe8cf64000 	C:\WINDOWS\System32\combase.dll
0x00007ffe8e6f0000 - 0x00007ffe8e7d0000 	C:\WINDOWS\System32\OLEAUT32.dll
0x00007ffe66340000 - 0x00007ffe66379000 	C:\WINDOWS\SYSTEM32\dbgcore.DLL
0x00007ffe8c0f0000 - 0x00007ffe8c189000 	C:\WINDOWS\System32\bcryptPrimitives.dll
0x00007ffe84460000 - 0x00007ffe8446e000 	C:\Program Files\Java\jdk-17\bin\instrument.dll
0x00007ffe7b870000 - 0x00007ffe7b895000 	C:\Program Files\Java\jdk-17\bin\java.dll
0x00007ffe749f0000 - 0x00007ffe74ac7000 	C:\Program Files\Java\jdk-17\bin\jsvml.dll
0x00007ffe8d730000 - 0x00007ffe8de5d000 	C:\WINDOWS\System32\SHELL32.dll
0x00007ffe8beb0000 - 0x00007ffe8c024000 	C:\WINDOWS\System32\wintypes.dll
0x00007ffe89b10000 - 0x00007ffe8a366000 	C:\WINDOWS\SYSTEM32\windows.storage.dll
0x00007ffe8df60000 - 0x00007ffe8e04f000 	C:\WINDOWS\System32\SHCORE.dll
0x00007ffe8d4f0000 - 0x00007ffe8d559000 	C:\WINDOWS\System32\shlwapi.dll
0x00007ffe8bdc0000 - 0x00007ffe8bdef000 	C:\WINDOWS\SYSTEM32\profapi.dll
0x00007ffe7aa20000 - 0x00007ffe7aa38000 	C:\Program Files\Java\jdk-17\bin\zip.dll
0x00007ffe7c420000 - 0x00007ffe7c439000 	C:\Program Files\Java\jdk-17\bin\net.dll
0x00007ffe86180000 - 0x00007ffe8629e000 	C:\WINDOWS\SYSTEM32\WINHTTP.dll
0x00007ffe8b300000 - 0x00007ffe8b36a000 	C:\WINDOWS\system32\mswsock.dll
0x00007ffe7aa40000 - 0x00007ffe7aa56000 	C:\Program Files\Java\jdk-17\bin\nio.dll
0x00007ffe7a800000 - 0x00007ffe7a81a000 	C:\Program Files\JetBrains\IntelliJ IDEA Community Edition 2023.3.2\bin\breakgen64.dll
0x00007ffe522c0000 - 0x00007ffe52451000 	C:\Program Files\Java\jdk-17\bin\awt.dll
0x00007ffe88ee0000 - 0x00007ffe88f7e000 	C:\WINDOWS\SYSTEM32\apphelp.dll
0x00007ffe89380000 - 0x00007ffe893b6000 	C:\WINDOWS\system32\DWMAPI.DLL
0x00007ffe89000000 - 0x00007ffe890af000 	C:\WINDOWS\system32\uxtheme.dll
0x00007ffe66d20000 - 0x00007ffe66e2c000 	C:\WINDOWS\system32\opengl32.dll
0x00007ffe668b0000 - 0x00007ffe668dd000 	C:\WINDOWS\SYSTEM32\GLU32.dll
0x00007ffe89420000 - 0x00007ffe89467000 	C:\WINDOWS\SYSTEM32\dxcore.dll
0x00007ffe8eb60000 - 0x00007ffe8ecbf000 	C:\WINDOWS\System32\MSCTF.dll
0x00007ffe8e060000 - 0x00007ffe8e1ff000 	C:\WINDOWS\System32\ole32.dll
0x00007ffe7a4d0000 - 0x00007ffe7a50a000 	C:\WINDOWS\System32\DriverStore\FileRepository\nvhm.inf_amd64_5c197d2d97068bef\nvdlistx.dll

dbghelp: loaded successfully - version: 4.0.5 - missing functions: none
symbol engine: initialized successfully - sym options: 0x614 - pdb path: .;C:\Program Files\Java\jdk-17\bin;C:\WINDOWS\SYSTEM32;C:\WINDOWS\WinSxS\amd64_microsoft.windows.common-controls_6595b64144ccf1df_6.0.26100.3912_none_3e07963ce335137e;C:\Program Files\Java\jdk-17\bin\server;C:\Program Files\JetBrains\IntelliJ IDEA Community Edition 2023.3.2\bin;C:\WINDOWS\System32\DriverStore\FileRepository\nvhm.inf_amd64_5c197d2d97068bef

VM Arguments:
jvm_args: -javaagent:C:\Program Files\JetBrains\IntelliJ IDEA Community Edition 2023.3.2\lib\idea_rt.jar=53093:C:\Program Files\JetBrains\IntelliJ IDEA Community Edition 2023.3.2\bin -Dfile.encoding=UTF-8 
java_command: chatting.application.Server
java_class_path (initial): C:\Users\aadit\IdeaProjects\QuickChat\out\production\QuickChat
Launcher Type: SUN_STANDARD

[Global flags]
     intx CICompilerCount                          = 12                                        {product} {ergonomic}
     uint ConcGCThreads                            = 3                                         {product} {ergonomic}
     uint G1ConcRefinementThreads                  = 13                                        {product} {ergonomic}
   size_t G1HeapRegionSize                         = 2097152                                   {product} {ergonomic}
    uintx GCDrainStackTargetSize                   = 64                                        {product} {ergonomic}
   size_t InitialHeapSize                          = 257949696                                 {product} {ergonomic}
   size_t MarkStackSize                            = 4194304                                   {product} {ergonomic}
   size_t MaxHeapSize                              = 4104126464                                {product} {ergonomic}
   size_t MaxNewSize                               = 2462056448                                {product} {ergonomic}
   size_t MinHeapDeltaBytes                        = 2097152                                   {product} {ergonomic}
   size_t MinHeapSize                              = 8388608                                   {product} {ergonomic}
    uintx NonNMethodCodeHeapSize                   = 7602480                                {pd product} {ergonomic}
    uintx NonProfiledCodeHeapSize                  = 122027880                              {pd product} {ergonomic}
    uintx ProfiledCodeHeapSize                     = 122027880                              {pd product} {ergonomic}
    uintx ReservedCodeCacheSize                    = 251658240                              {pd product} {ergonomic}
     bool SegmentedCodeCache                       = true                                      {product} {ergonomic}
   size_t SoftMaxHeapSize                          = 4104126464                             {manageable} {ergonomic}
     bool UseCompressedClassPointers               = true                           {product lp64_product} {ergonomic}
     bool UseCompressedOops                        = true                           {product lp64_product} {ergonomic}
     bool UseG1GC                                  = true                                      {product} {ergonomic}
     bool UseLargePagesIndividualAllocation        = false                                  {pd product} {ergonomic}

Logging:
Log output configuration:
 #0: stdout all=warning uptime,level,tags
 #1: stderr all=off uptime,level,tags

Environment Variables:
JAVA_HOME=C:\Program Files\Amazon Corretto\jdk17.0.13_11
PATH=C:\Program Files\Amazon Corretto\jdk17.0.13_11\bin;C:\Program Files\Python312\Scripts\;C:\Program Files\Python312\;C:\Program Files\Common Files\Oracle\Java\javapath;C:\Program Files (x86)\Common Files\Oracle\Java\java8path;C:\Program Files (x86)\Common Files\Oracle\Java\javapath;C:\windows\system32;C:\windows;C:\windows\System32\Wbem;C:\windows\System32\WindowsPowerShell\v1.0\;C:\windows\System32\OpenSSH\;C:\Program Files (x86)\NVIDIA Corporation\PhysX\Common;C:\Users\Administrator\AppData\Local\Microsoft\WindowsApps;C:\Windows;C:\Windows\System32;C:\Windows\System32\WindowsPowerShell\v1.0\;C:\Program Files\HP\OMEN-Broadcast\Common;C:\Users\aadit\Downloads\apache-maven-3.9.8\bin;C:\Program Files\NVIDIA Corporation\NVIDIA app\NvDLISR;C:\WINDOWS\system32;C:\WINDOWS;C:\WINDOWS\System32\Wbem;C:\WINDOWS\System32\WindowsPowerShell\v1.0\;C:\WINDOWS\System32\OpenSSH\;C:\Program Files\MongoDB\Server\8.0\bin;C:\ProgramData\chocolatey\bin;C:\Program Files\Vagrant\bin;C:\Program Files\Git\cmd;C:\Program Files\Git\mingw64\bin;C:\Program Files\Git\usr\bin;C:\ProgramData\chocolatey\lib\maven\apache-maven-3.9.9\bin;C:\Program Files\Amazon\AWSCLIV2\;C:\Program Files\Microsoft VS Code\bin;C:\Program Files\Docker\Docker\resources\bin;C:\Users\aadit\AppData\Local\Microsoft\WindowsApps;;C:\Program Files\JetBrains\PyCharm Community Edition 2024.1.4\bin;;C:\Program Files\mongosh\;C:\Program Files\Oracle\VirtualBox
USERNAME=aadit
OS=Windows_NT
PROCESSOR_IDENTIFIER=AMD64 Family 25 Model 116 Stepping 1, AuthenticAMD



---------------  S Y S T E M  ---------------

OS:
 Windows 11 , 64 bit Build 26100 (10.0.26100.3912)
OS uptime: 0 days 6:39 hours
Hyper-V role detected

CPU: total 16 (initial active 16) (16 cores per cpu, 2 threads per core) family 25 model 116 stepping 1 microcode 0x0, cx8, cmov, fxsr, ht, mmx, 3dnowpref, sse, sse2, sse3, ssse3, sse4a, sse4.1, sse4.2, popcnt, lzcnt, tsc, tscinvbit, avx, avx2, aes, erms, clmul, bmi1, bmi2, adx, avx512f, avx512dq, avx512cd, avx512bw, avx512vl, sha, fma, vzeroupper, avx512_vpopcntdq, avx512_vpclmulqdq, avx512_vaes, avx512_vnni, clflush, clflushopt, avx512_vbmi2, avx512_vbmi, hv

Memory: 4k page, system-wide physical 15654M (2161M free)
TotalPageFile size 20098M (AvailPageFile size 1M)
current process WorkingSet (physical memory assigned to process): 51M, peak: 51M
current process commit charge ("private bytes"): 351M, peak: 355M

vm_info: Java HotSpot(TM) 64-Bit Server VM (17.0.10+11-LTS-240) for windows-amd64 JRE (17.0.10+11-LTS-240), built on Dec 19 2023 21:47:25 by "mach5one" with MS VC++ 17.1 (VS2022)

END.
